        -:    0:Source:/mnt/e/002 Facultate/Obsidian/Anul I/Semestrul II/OOP/Lab/Lab 8 - 9/teste.cpp
        -:    0:Graph:/mnt/e/002 Facultate/Obsidian/Anul I/Semestrul II/OOP/Lab/Lab 8 - 9/cmake-build-debug-coverage/CMakeFiles/Lab_8___9.dir/teste.cpp.gcno
        -:    0:Data:/mnt/e/002 Facultate/Obsidian/Anul I/Semestrul II/OOP/Lab/Lab 8 - 9/cmake-build-debug-coverage/CMakeFiles/Lab_8___9.dir/teste.cpp.gcda
        -:    0:Runs:1
        -:    1:#include "teste.h"
        -:    2:
function _Z14testRepoAdaugav called 1 returned 100% blocks executed 59%
        1:    3:void testRepoAdauga() {
        1:    4:	Repo repository;
        1:    4-block  0
call    0 returned 1
        5:    5:	Film film{ "John Wick: Chapter 4", "Actiune", 2023, "Keanu Reeves" };
        1:    5-block  0
call    0 returned 1
branch  1 taken 1 (fallthrough)
branch  2 taken 0 (throw)
        1:    5-block  1
call    3 returned 1
branch  4 taken 1 (fallthrough)
branch  5 taken 0 (throw)
        1:    5-block  2
call    6 returned 1
branch  7 taken 1 (fallthrough)
branch  8 taken 0 (throw)
        1:    5-block  3
call    9 returned 1
call   10 returned 1
call   11 returned 1
call   12 returned 1
    $$$$$:    5-block  4
    $$$$$:    5-block  5
    $$$$$:    5-block  6
call   13 never executed
    $$$$$:    5-block  7
    $$$$$:    5-block  8
    $$$$$:    5-block  9
call   14 never executed
    $$$$$:    5-block 10
    $$$$$:    5-block 11
        1:    6:	repository.adaugaFilm(film);
call    0 returned 1
branch  1 taken 1 (fallthrough)
branch  2 taken 0 (throw)
       1*:    7:	assert(repository.getAll().size() == 1);
        1:    7-block  0
call    0 returned 1
call    1 returned 1
branch  2 taken 0 (fallthrough)
branch  3 taken 1
    %%%%%:    7-block  1
call    4 never executed
        -:    8:
        -:    9:	try {
        1:   10:		repository.adaugaFilm(film);
        1:   10-block  0
call    0 returned 1
branch  1 taken 0 (fallthrough)
branch  2 taken 1 (throw)
    #####:   11:		assert(false);
    %%%%%:   11-block  0
call    0 never executed
        -:   12:	}
        1:   13:	catch (const ExceptieRepo&) {
        1:   13-block  0
branch  0 taken 0 (fallthrough)
branch  1 taken 1
        1:   13-block  1
call    2 returned 1
        -:   14:		assert(true);
        1:   15:	}
call    0 returned 1
branch  1 taken 1 (fallthrough)
branch  2 taken 0 (throw)
        -:   16:
        -:   17:	try {
        2:   18:		repository.cautaFilm("La La Land");
        1:   18-block  0
call    0 returned 1
branch  1 taken 1 (fallthrough)
branch  2 taken 0 (throw)
        1:   18-block  1
call    3 returned 1
branch  4 taken 0 (fallthrough)
branch  5 taken 1 (throw)
    $$$$$:   18-block  2
call    6 never executed
        1:   18-block  3
call    7 returned 1
        1:   18-block  4
        1:   18-block  5
    =====:   19:		assert(false);
call    0 never executed
        -:   20:	}
        1:   21:	catch (const ExceptieRepo& eroare) {
        1:   21-block  0
branch  0 taken 0 (fallthrough)
branch  1 taken 1
        1:   21-block  1
call    2 returned 1
        1:   22:		std::stringstream os;
call    0 returned 1
branch  1 taken 1 (fallthrough)
branch  2 taken 0 (throw)
        1:   23:		os << eroare;
        1:   23-block  0
call    0 returned 1
branch  1 taken 1 (fallthrough)
branch  2 taken 0 (throw)
        1:   24:		assert(os.str().find("adaugat") >= 0);
        1:   24-block  0
call    0 returned 1
branch  1 taken 1 (fallthrough)
branch  2 taken 0 (throw)
        1:   24-block  1
call    3 returned 1
call    4 returned 1
    $$$$$:   24-block  2
        1:   25:	}
call    0 returned 1
call    1 returned 1
branch  2 taken 1 (fallthrough)
branch  3 taken 0 (throw)
    $$$$$:   25-block  0
call    4 never executed
    $$$$$:   25-block  1
call    5 never executed
        1:   26:}
        1:   26-block  0
call    0 returned 1
call    1 returned 1
    $$$$$:   26-block  1
call    2 never executed
    $$$$$:   26-block  2
call    3 never executed
        -:   27:
function _Z14testRepoStergev called 1 returned 100% blocks executed 52%
        1:   28:void testRepoSterge() {
        1:   29:	Repo repository;
        1:   29-block  0
call    0 returned 1
        5:   30:	Film film1{ "John Wick: Chapter 4", "Actiune", 2023, "Keanu Reeves" };
        1:   30-block  0
call    0 returned 1
branch  1 taken 1 (fallthrough)
branch  2 taken 0 (throw)
        1:   30-block  1
call    3 returned 1
branch  4 taken 1 (fallthrough)
branch  5 taken 0 (throw)
        1:   30-block  2
call    6 returned 1
branch  7 taken 1 (fallthrough)
branch  8 taken 0 (throw)
        1:   30-block  3
call    9 returned 1
call   10 returned 1
call   11 returned 1
call   12 returned 1
    $$$$$:   30-block  4
    $$$$$:   30-block  5
    $$$$$:   30-block  6
call   13 never executed
    $$$$$:   30-block  7
    $$$$$:   30-block  8
    $$$$$:   30-block  9
call   14 never executed
    $$$$$:   30-block 10
    $$$$$:   30-block 11
        1:   31:	repository.adaugaFilm(film1);
call    0 returned 1
branch  1 taken 1 (fallthrough)
branch  2 taken 0 (throw)
        5:   32:	Film film2{ "The Imitation Game", "Historic Drama", 2014, "Benedict Cumberbatch" };
        1:   32-block  0
call    0 returned 1
branch  1 taken 1 (fallthrough)
branch  2 taken 0 (throw)
        1:   32-block  1
call    3 returned 1
branch  4 taken 1 (fallthrough)
branch  5 taken 0 (throw)
        1:   32-block  2
call    6 returned 1
branch  7 taken 1 (fallthrough)
branch  8 taken 0 (throw)
        1:   32-block  3
call    9 returned 1
call   10 returned 1
call   11 returned 1
call   12 returned 1
    $$$$$:   32-block  4
    $$$$$:   32-block  5
    $$$$$:   32-block  6
call   13 never executed
    $$$$$:   32-block  7
    $$$$$:   32-block  8
    $$$$$:   32-block  9
call   14 never executed
    $$$$$:   32-block 10
    $$$$$:   32-block 11
        1:   33:	repository.adaugaFilm(film2);
call    0 returned 1
branch  1 taken 1 (fallthrough)
branch  2 taken 0 (throw)
        5:   34:	Film film3{ "Titanic", "Epic Romance", 1997, "Leonardo DiCaprio" };
        1:   34-block  0
call    0 returned 1
branch  1 taken 1 (fallthrough)
branch  2 taken 0 (throw)
        1:   34-block  1
call    3 returned 1
branch  4 taken 1 (fallthrough)
branch  5 taken 0 (throw)
        1:   34-block  2
call    6 returned 1
branch  7 taken 1 (fallthrough)
branch  8 taken 0 (throw)
        1:   34-block  3
call    9 returned 1
call   10 returned 1
call   11 returned 1
call   12 returned 1
    $$$$$:   34-block  4
    $$$$$:   34-block  5
    $$$$$:   34-block  6
call   13 never executed
    $$$$$:   34-block  7
    $$$$$:   34-block  8
    $$$$$:   34-block  9
call   14 never executed
    $$$$$:   34-block 10
    $$$$$:   34-block 11
        1:   35:	repository.adaugaFilm(film3);
call    0 returned 1
branch  1 taken 1 (fallthrough)
branch  2 taken 0 (throw)
        5:   36:	Film film4{ "Avatar 2", "Science-Fiction", 2022, "Sam Worthington" };
        1:   36-block  0
call    0 returned 1
branch  1 taken 1 (fallthrough)
branch  2 taken 0 (throw)
        1:   36-block  1
call    3 returned 1
branch  4 taken 1 (fallthrough)
branch  5 taken 0 (throw)
        1:   36-block  2
call    6 returned 1
branch  7 taken 1 (fallthrough)
branch  8 taken 0 (throw)
        1:   36-block  3
call    9 returned 1
call   10 returned 1
call   11 returned 1
call   12 returned 1
    $$$$$:   36-block  4
    $$$$$:   36-block  5
    $$$$$:   36-block  6
call   13 never executed
    $$$$$:   36-block  7
    $$$$$:   36-block  8
    $$$$$:   36-block  9
call   14 never executed
    $$$$$:   36-block 10
    $$$$$:   36-block 11
        1:   37:	repository.adaugaFilm(film4);
call    0 returned 1
branch  1 taken 1 (fallthrough)
branch  2 taken 0 (throw)
        5:   38:	Film film5{ "The Revenant", "American Action Drama", 2016, "Leonardo DiCaprio" };
        1:   38-block  0
call    0 returned 1
branch  1 taken 1 (fallthrough)
branch  2 taken 0 (throw)
        1:   38-block  1
call    3 returned 1
branch  4 taken 1 (fallthrough)
branch  5 taken 0 (throw)
        1:   38-block  2
call    6 returned 1
branch  7 taken 1 (fallthrough)
branch  8 taken 0 (throw)
        1:   38-block  3
call    9 returned 1
call   10 returned 1
call   11 returned 1
call   12 returned 1
    $$$$$:   38-block  4
    $$$$$:   38-block  5
    $$$$$:   38-block  6
call   13 never executed
    $$$$$:   38-block  7
    $$$$$:   38-block  8
    $$$$$:   38-block  9
call   14 never executed
    $$$$$:   38-block 10
    $$$$$:   38-block 11
        1:   39:	repository.adaugaFilm(film5);
call    0 returned 1
branch  1 taken 1 (fallthrough)
branch  2 taken 0 (throw)
       1*:   40:	assert(repository.getAll().size() == 5);
        1:   40-block  0
call    0 returned 1
call    1 returned 1
branch  2 taken 0 (fallthrough)
branch  3 taken 1
    %%%%%:   40-block  1
call    4 never executed
        1:   41:	repository.stergeFilm(2);
        1:   41-block  0
call    0 returned 1
branch  1 taken 1 (fallthrough)
branch  2 taken 0 (throw)
       1*:   42:	assert(repository.getAll().size() == 4);
        1:   42-block  0
call    0 returned 1
call    1 returned 1
branch  2 taken 0 (fallthrough)
branch  3 taken 1
    %%%%%:   42-block  1
call    4 never executed
        1:   43:	repository.stergeFilm(3);
        1:   43-block  0
call    0 returned 1
branch  1 taken 1 (fallthrough)
branch  2 taken 0 (throw)
        1:   44:}
        1:   44-block  0
call    0 returned 1
call    1 returned 1
call    2 returned 1
call    3 returned 1
call    4 returned 1
call    5 returned 1
    $$$$$:   44-block  1
call    6 never executed
    $$$$$:   44-block  2
call    7 never executed
    $$$$$:   44-block  3
call    8 never executed
    $$$$$:   44-block  4
call    9 never executed
    $$$$$:   44-block  5
call   10 never executed
    $$$$$:   44-block  6
call   11 never executed
        -:   45:
function _Z16testRepoModificav called 1 returned 100% blocks executed 53%
        1:   46:void testRepoModifica() {
        1:   47:	Repo repository;
        1:   47-block  0
call    0 returned 1
        5:   48:	Film film1{ "John Wick: Chapter 4", "Actiune", 2023, "Keanu Reeves" };
        1:   48-block  0
call    0 returned 1
branch  1 taken 1 (fallthrough)
branch  2 taken 0 (throw)
        1:   48-block  1
call    3 returned 1
branch  4 taken 1 (fallthrough)
branch  5 taken 0 (throw)
        1:   48-block  2
call    6 returned 1
branch  7 taken 1 (fallthrough)
branch  8 taken 0 (throw)
        1:   48-block  3
call    9 returned 1
call   10 returned 1
call   11 returned 1
call   12 returned 1
    $$$$$:   48-block  4
    $$$$$:   48-block  5
    $$$$$:   48-block  6
call   13 never executed
    $$$$$:   48-block  7
    $$$$$:   48-block  8
    $$$$$:   48-block  9
call   14 never executed
    $$$$$:   48-block 10
    $$$$$:   48-block 11
        1:   49:	repository.adaugaFilm(film1);
call    0 returned 1
branch  1 taken 1 (fallthrough)
branch  2 taken 0 (throw)
        5:   50:	Film film2{ "The Imitation Game", "Historic Drama", 2014, "Benedict Cumberbatch" };
        1:   50-block  0
call    0 returned 1
branch  1 taken 1 (fallthrough)
branch  2 taken 0 (throw)
        1:   50-block  1
call    3 returned 1
branch  4 taken 1 (fallthrough)
branch  5 taken 0 (throw)
        1:   50-block  2
call    6 returned 1
branch  7 taken 1 (fallthrough)
branch  8 taken 0 (throw)
        1:   50-block  3
call    9 returned 1
call   10 returned 1
call   11 returned 1
call   12 returned 1
    $$$$$:   50-block  4
    $$$$$:   50-block  5
    $$$$$:   50-block  6
call   13 never executed
    $$$$$:   50-block  7
    $$$$$:   50-block  8
    $$$$$:   50-block  9
call   14 never executed
    $$$$$:   50-block 10
    $$$$$:   50-block 11
        1:   51:	repository.adaugaFilm(film2);
call    0 returned 1
branch  1 taken 1 (fallthrough)
branch  2 taken 0 (throw)
        5:   52:	Film film3{ "Titanic", "Epic Romance", 1997, "Leonardo DiCaprio" };
        1:   52-block  0
call    0 returned 1
branch  1 taken 1 (fallthrough)
branch  2 taken 0 (throw)
        1:   52-block  1
call    3 returned 1
branch  4 taken 1 (fallthrough)
branch  5 taken 0 (throw)
        1:   52-block  2
call    6 returned 1
branch  7 taken 1 (fallthrough)
branch  8 taken 0 (throw)
        1:   52-block  3
call    9 returned 1
call   10 returned 1
call   11 returned 1
call   12 returned 1
    $$$$$:   52-block  4
    $$$$$:   52-block  5
    $$$$$:   52-block  6
call   13 never executed
    $$$$$:   52-block  7
    $$$$$:   52-block  8
    $$$$$:   52-block  9
call   14 never executed
    $$$$$:   52-block 10
    $$$$$:   52-block 11
        1:   53:	repository.adaugaFilm(film3);
call    0 returned 1
branch  1 taken 1 (fallthrough)
branch  2 taken 0 (throw)
       1*:   54:	assert(repository.getAll().size() == 3);
        1:   54-block  0
call    0 returned 1
call    1 returned 1
branch  2 taken 0 (fallthrough)
branch  3 taken 1
    %%%%%:   54-block  1
call    4 never executed
        5:   55:	Film filmModificat{ "Titanic", "Romance", 2010, "Leonardo DiCaprio" };
        1:   55-block  0
call    0 returned 1
branch  1 taken 1 (fallthrough)
branch  2 taken 0 (throw)
        1:   55-block  1
call    3 returned 1
branch  4 taken 1 (fallthrough)
branch  5 taken 0 (throw)
        1:   55-block  2
call    6 returned 1
branch  7 taken 1 (fallthrough)
branch  8 taken 0 (throw)
        1:   55-block  3
call    9 returned 1
call   10 returned 1
call   11 returned 1
call   12 returned 1
    $$$$$:   55-block  4
    $$$$$:   55-block  5
    $$$$$:   55-block  6
call   13 never executed
    $$$$$:   55-block  7
    $$$$$:   55-block  8
    $$$$$:   55-block  9
call   14 never executed
    $$$$$:   55-block 10
    $$$$$:   55-block 11
        1:   56:	repository.modificaFilm(filmModificat, 2);
call    0 returned 1
branch  1 taken 1 (fallthrough)
branch  2 taken 0 (throw)
        1:   56-block  0
call    3 returned 1
branch  4 taken 1 (fallthrough)
branch  5 taken 0 (throw)
        1:   56-block  1
call    6 returned 1
    $$$$$:   56-block  2
call    7 never executed
    $$$$$:   56-block  3
       1*:   57:	assert(repository.getAll().size() == 3);
call    0 returned 1
call    1 returned 1
branch  2 taken 0 (fallthrough)
branch  3 taken 1
    %%%%%:   57-block  0
call    4 never executed
       1*:   58:	assert(filmModificat.getGenFilm() == "Romance");
        1:   58-block  0
call    0 returned 1
branch  1 taken 1 (fallthrough)
branch  2 taken 0 (throw)
        1:   58-block  1
call    3 returned 1
branch  4 taken 0 (fallthrough)
branch  5 taken 1
    %%%%%:   58-block  2
call    6 never executed
        1:   58-block  3
call    7 returned 1
    $$$$$:   58-block  4
        5:   59:	Film filmModificat1{ "Titanicum", "Romance", 2010, "Leonardo DiCaprio" };
        1:   59-block  0
call    0 returned 1
branch  1 taken 1 (fallthrough)
branch  2 taken 0 (throw)
        1:   59-block  1
call    3 returned 1
branch  4 taken 1 (fallthrough)
branch  5 taken 0 (throw)
        1:   59-block  2
call    6 returned 1
branch  7 taken 1 (fallthrough)
branch  8 taken 0 (throw)
        1:   59-block  3
call    9 returned 1
call   10 returned 1
call   11 returned 1
call   12 returned 1
    $$$$$:   59-block  4
    $$$$$:   59-block  5
    $$$$$:   59-block  6
call   13 never executed
    $$$$$:   59-block  7
    $$$$$:   59-block  8
    $$$$$:   59-block  9
call   14 never executed
    $$$$$:   59-block 10
    $$$$$:   59-block 11
        -:   60:	try {
       2*:   61:		repository.modificaFilm(filmModificat1, 2);
call    0 returned 1
branch  1 taken 1 (fallthrough)
branch  2 taken 0 (throw)
        1:   61-block  0
call    3 returned 1
branch  4 taken 0 (fallthrough)
branch  5 taken 1 (throw)
    %%%%%:   61-block  1
call    6 never executed
        1:   61-block  2
call    7 returned 1
        1:   61-block  3
    #####:   62:		assert(false);
call    0 never executed
        -:   63:	}
        1:   64:	catch (ExceptieRepo&) {
        1:   64-block  0
branch  0 taken 0 (fallthrough)
branch  1 taken 1
        1:   64-block  1
call    2 returned 1
        -:   65:		assert(true);
        1:   66:	}
call    0 returned 1
branch  1 taken 1 (fallthrough)
branch  2 taken 0 (throw)
        1:   67:}
        1:   67-block  0
call    0 returned 1
call    1 returned 1
call    2 returned 1
call    3 returned 1
call    4 returned 1
call    5 returned 1
    $$$$$:   67-block  1
call    6 never executed
    $$$$$:   67-block  2
call    7 never executed
    $$$$$:   67-block  3
call    8 never executed
    $$$$$:   67-block  4
call    9 never executed
    $$$$$:   67-block  5
call   10 never executed
    $$$$$:   67-block  6
call   11 never executed
        -:   68:
function _Z13testRepoCautav called 1 returned 100% blocks executed 57%
        1:   69:void testRepoCauta() {
        1:   70:	Repo repository;
        1:   70-block  0
call    0 returned 1
        5:   71:	Film film{ "John Wick: Chapter 4", "Actiune", 2023, "Keanu Reeves" };
        1:   71-block  0
call    0 returned 1
branch  1 taken 1 (fallthrough)
branch  2 taken 0 (throw)
        1:   71-block  1
call    3 returned 1
branch  4 taken 1 (fallthrough)
branch  5 taken 0 (throw)
        1:   71-block  2
call    6 returned 1
branch  7 taken 1 (fallthrough)
branch  8 taken 0 (throw)
        1:   71-block  3
call    9 returned 1
call   10 returned 1
call   11 returned 1
call   12 returned 1
    $$$$$:   71-block  4
    $$$$$:   71-block  5
    $$$$$:   71-block  6
call   13 never executed
    $$$$$:   71-block  7
    $$$$$:   71-block  8
    $$$$$:   71-block  9
call   14 never executed
    $$$$$:   71-block 10
    $$$$$:   71-block 11
        1:   72:	repository.adaugaFilm(film);
call    0 returned 1
branch  1 taken 1 (fallthrough)
branch  2 taken 0 (throw)
        1:   73:	auto filmCautat = repository.cautaFilm("John Wick: Chapter 4");
        1:   73-block  0
call    0 returned 1
branch  1 taken 1 (fallthrough)
branch  2 taken 0 (throw)
        1:   73-block  1
call    3 returned 1
branch  4 taken 1 (fallthrough)
branch  5 taken 0 (throw)
        1:   73-block  2
call    6 returned 1
branch  7 taken 1 (fallthrough)
branch  8 taken 0 (throw)
        1:   73-block  3
call    9 returned 1
    $$$$$:   73-block  4
call   10 never executed
    $$$$$:   73-block  5
    $$$$$:   73-block  6
       1*:   74:	assert(filmCautat.getTitluFilm() == film.getTitluFilm());
call    0 returned 1
branch  1 taken 1 (fallthrough)
branch  2 taken 0 (throw)
        1:   74-block  0
call    3 returned 1
branch  4 taken 1 (fallthrough)
branch  5 taken 0 (throw)
        1:   74-block  1
call    6 returned 1
branch  7 taken 0 (fallthrough)
branch  8 taken 1
    %%%%%:   74-block  2
call    9 never executed
        1:   74-block  3
call   10 returned 1
call   11 returned 1
    $$$$$:   74-block  4
    $$$$$:   74-block  5
call   12 never executed
    $$$$$:   74-block  6
       1*:   75:	assert(filmCautat.getGenFilm() == film.getGenFilm());
call    0 returned 1
branch  1 taken 1 (fallthrough)
branch  2 taken 0 (throw)
        1:   75-block  0
call    3 returned 1
branch  4 taken 1 (fallthrough)
branch  5 taken 0 (throw)
        1:   75-block  1
call    6 returned 1
branch  7 taken 0 (fallthrough)
branch  8 taken 1
    %%%%%:   75-block  2
call    9 never executed
        1:   75-block  3
call   10 returned 1
call   11 returned 1
    $$$$$:   75-block  4
    $$$$$:   75-block  5
call   12 never executed
    $$$$$:   75-block  6
       1*:   76:	assert(filmCautat.getAnAparitie() == film.getAnAparitie());
call    0 returned 1
branch  1 taken 1 (fallthrough)
branch  2 taken 0 (throw)
        1:   76-block  0
call    3 returned 1
branch  4 taken 1 (fallthrough)
branch  5 taken 0 (throw)
        1:   76-block  1
branch  6 taken 0 (fallthrough)
branch  7 taken 1
    %%%%%:   76-block  2
call    8 never executed
       1*:   77:	assert(filmCautat.getActorPrincipal() == film.getActorPrincipal());
        1:   77-block  0
call    0 returned 1
branch  1 taken 1 (fallthrough)
branch  2 taken 0 (throw)
        1:   77-block  1
call    3 returned 1
branch  4 taken 1 (fallthrough)
branch  5 taken 0 (throw)
        1:   77-block  2
call    6 returned 1
branch  7 taken 0 (fallthrough)
branch  8 taken 1
    %%%%%:   77-block  3
call    9 never executed
        1:   77-block  4
call   10 returned 1
call   11 returned 1
    $$$$$:   77-block  5
    $$$$$:   77-block  6
call   12 never executed
    $$$$$:   77-block  7
        -:   78:
        -:   79:	try {
       2*:   80:		repository.cautaFilm("La La Land");
        1:   80-block  0
call    0 returned 1
branch  1 taken 1 (fallthrough)
branch  2 taken 0 (throw)
        1:   80-block  1
call    3 returned 1
branch  4 taken 0 (fallthrough)
branch  5 taken 1 (throw)
    %%%%%:   80-block  2
call    6 never executed
        1:   80-block  3
call    7 returned 1
        1:   80-block  4
        1:   80-block  5
    #####:   81:		assert(false);
call    0 never executed
        -:   82:	}
        1:   83:	catch (ExceptieRepo&){
        1:   83-block  0
branch  0 taken 0 (fallthrough)
branch  1 taken 1
        1:   83-block  1
call    2 returned 1
        -:   84:		assert(true);
        1:   85:	}
call    0 returned 1
branch  1 taken 1 (fallthrough)
branch  2 taken 0 (throw)
        1:   86:}
        1:   86-block  0
call    0 returned 1
call    1 returned 1
call    2 returned 1
    $$$$$:   86-block  1
call    3 never executed
    $$$$$:   86-block  2
call    4 never executed
    $$$$$:   86-block  3
call    5 never executed
        -:   87:
function _Z29testRepoCautaPozitieDupaTitluv called 1 returned 100% blocks executed 54%
        1:   88:void testRepoCautaPozitieDupaTitlu() {
        1:   89:	Repo repository;
        1:   89-block  0
call    0 returned 1
        5:   90:	Film film1{ "John Wick: Chapter 4", "Actiune", 2023, "Keanu Reeves" };
        1:   90-block  0
call    0 returned 1
branch  1 taken 1 (fallthrough)
branch  2 taken 0 (throw)
        1:   90-block  1
call    3 returned 1
branch  4 taken 1 (fallthrough)
branch  5 taken 0 (throw)
        1:   90-block  2
call    6 returned 1
branch  7 taken 1 (fallthrough)
branch  8 taken 0 (throw)
        1:   90-block  3
call    9 returned 1
call   10 returned 1
call   11 returned 1
call   12 returned 1
    $$$$$:   90-block  4
    $$$$$:   90-block  5
    $$$$$:   90-block  6
call   13 never executed
    $$$$$:   90-block  7
    $$$$$:   90-block  8
    $$$$$:   90-block  9
call   14 never executed
    $$$$$:   90-block 10
    $$$$$:   90-block 11
        1:   91:	repository.adaugaFilm(film1);
call    0 returned 1
branch  1 taken 1 (fallthrough)
branch  2 taken 0 (throw)
        5:   92:	Film film2{ "The Imitation Game", "Historic Drama", 2014, "Benedict Cumberbatch" };
        1:   92-block  0
call    0 returned 1
branch  1 taken 1 (fallthrough)
branch  2 taken 0 (throw)
        1:   92-block  1
call    3 returned 1
branch  4 taken 1 (fallthrough)
branch  5 taken 0 (throw)
        1:   92-block  2
call    6 returned 1
branch  7 taken 1 (fallthrough)
branch  8 taken 0 (throw)
        1:   92-block  3
call    9 returned 1
call   10 returned 1
call   11 returned 1
call   12 returned 1
    $$$$$:   92-block  4
    $$$$$:   92-block  5
    $$$$$:   92-block  6
call   13 never executed
    $$$$$:   92-block  7
    $$$$$:   92-block  8
    $$$$$:   92-block  9
call   14 never executed
    $$$$$:   92-block 10
    $$$$$:   92-block 11
        1:   93:	repository.adaugaFilm(film2);
call    0 returned 1
branch  1 taken 1 (fallthrough)
branch  2 taken 0 (throw)
        5:   94:	Film film3{ "Titanic", "Epic Romance", 1997, "Leonardo DiCaprio" };
        1:   94-block  0
call    0 returned 1
branch  1 taken 1 (fallthrough)
branch  2 taken 0 (throw)
        1:   94-block  1
call    3 returned 1
branch  4 taken 1 (fallthrough)
branch  5 taken 0 (throw)
        1:   94-block  2
call    6 returned 1
branch  7 taken 1 (fallthrough)
branch  8 taken 0 (throw)
        1:   94-block  3
call    9 returned 1
call   10 returned 1
call   11 returned 1
call   12 returned 1
    $$$$$:   94-block  4
    $$$$$:   94-block  5
    $$$$$:   94-block  6
call   13 never executed
    $$$$$:   94-block  7
    $$$$$:   94-block  8
    $$$$$:   94-block  9
call   14 never executed
    $$$$$:   94-block 10
    $$$$$:   94-block 11
        1:   95:	repository.adaugaFilm(film3);
call    0 returned 1
branch  1 taken 1 (fallthrough)
branch  2 taken 0 (throw)
        1:   96:	const int pozitieGasita = repository.cautaPozitieDupaTitlu("The Imitation Game");
        1:   96-block  0
call    0 returned 1
branch  1 taken 1 (fallthrough)
branch  2 taken 0 (throw)
        1:   96-block  1
call    3 returned 1
branch  4 taken 1 (fallthrough)
branch  5 taken 0 (throw)
        1:   96-block  2
call    6 returned 1
    $$$$$:   96-block  3
call    7 never executed
    $$$$$:   96-block  4
    $$$$$:   96-block  5
       1*:   97:	assert(pozitieGasita == 1);
branch  0 taken 0 (fallthrough)
branch  1 taken 1
    %%%%%:   97-block  0
call    2 never executed
        -:   98:	try {
       2*:   99:		repository.cautaPozitieDupaTitlu("La La Land");
        1:   99-block  0
call    0 returned 1
branch  1 taken 1 (fallthrough)
branch  2 taken 0 (throw)
        1:   99-block  1
call    3 returned 1
branch  4 taken 0 (fallthrough)
branch  5 taken 1 (throw)
    %%%%%:   99-block  2
call    6 never executed
        1:   99-block  3
call    7 returned 1
        1:   99-block  4
        1:   99-block  5
    #####:  100:		assert(false);
call    0 never executed
        -:  101:	}
        1:  102:	catch (ExceptieRepo&) {
        1:  102-block  0
branch  0 taken 0 (fallthrough)
branch  1 taken 1
        1:  102-block  1
call    2 returned 1
        -:  103:		assert(true);
        1:  104:	}
call    0 returned 1
branch  1 taken 1 (fallthrough)
branch  2 taken 0 (throw)
        1:  105:}
        1:  105-block  0
call    0 returned 1
call    1 returned 1
call    2 returned 1
call    3 returned 1
    $$$$$:  105-block  1
call    4 never executed
    $$$$$:  105-block  2
call    5 never executed
    $$$$$:  105-block  3
call    6 never executed
    $$$$$:  105-block  4
call    7 never executed
        -:  106:
function _Z21ruleazaTesteValidatorv called 1 returned 100% blocks executed 52%
        1:  107:void ruleazaTesteValidator() {
        1:  107-block  0
        -:  108:	Validator validator;
        5:  109:	Film filmValid{ "John Wick: Chapter 4", "Actiune", 2023, "Keanu Reeves" };
        1:  109-block  0
call    0 returned 1
branch  1 taken 1 (fallthrough)
branch  2 taken 0 (throw)
        1:  109-block  1
call    3 returned 1
branch  4 taken 1 (fallthrough)
branch  5 taken 0 (throw)
        1:  109-block  2
call    6 returned 1
branch  7 taken 1 (fallthrough)
branch  8 taken 0 (throw)
        1:  109-block  3
call    9 returned 1
call   10 returned 1
call   11 returned 1
call   12 returned 1
    $$$$$:  109-block  4
    $$$$$:  109-block  5
    $$$$$:  109-block  6
call   13 never executed
    $$$$$:  109-block  7
    $$$$$:  109-block  8
    $$$$$:  109-block  9
call   14 never executed
    $$$$$:  109-block 10
    $$$$$:  109-block 11
        1:  110:	Validator::valideaza(filmValid);
call    0 returned 1
branch  1 taken 1 (fallthrough)
branch  2 taken 0 (throw)
        5:  111:	Film filmInvalid{"", "", -1, ""};
        1:  111-block  0
call    0 returned 1
branch  1 taken 1 (fallthrough)
branch  2 taken 0 (throw)
        1:  111-block  1
call    3 returned 1
branch  4 taken 1 (fallthrough)
branch  5 taken 0 (throw)
        1:  111-block  2
call    6 returned 1
branch  7 taken 1 (fallthrough)
branch  8 taken 0 (throw)
        1:  111-block  3
call    9 returned 1
call   10 returned 1
call   11 returned 1
call   12 returned 1
    $$$$$:  111-block  4
    $$$$$:  111-block  5
    $$$$$:  111-block  6
call   13 never executed
    $$$$$:  111-block  7
    $$$$$:  111-block  8
    $$$$$:  111-block  9
call   14 never executed
    $$$$$:  111-block 10
    $$$$$:  111-block 11
        -:  112:	try {
        1:  113:		Validator::valideaza(filmInvalid);
call    0 returned 1
branch  1 taken 0 (fallthrough)
branch  2 taken 1 (throw)
    #####:  114:		assert(false);
    %%%%%:  114-block  0
call    0 never executed
        -:  115:	}
        1:  116:	catch (const ExceptieValidare& exceptie) {
        1:  116-block  0
branch  0 taken 0 (fallthrough)
branch  1 taken 1
        1:  116-block  1
call    2 returned 1
        1:  117:		std::stringstream sout;
call    0 returned 1
branch  1 taken 1 (fallthrough)
branch  2 taken 0 (throw)
        1:  118:		sout << exceptie;
        1:  118-block  0
call    0 returned 1
branch  1 taken 1 (fallthrough)
branch  2 taken 0 (throw)
        1:  119:		assert(sout.str().find("invalid") >= 0);
        1:  119-block  0
call    0 returned 1
branch  1 taken 1 (fallthrough)
branch  2 taken 0 (throw)
        1:  119-block  1
call    3 returned 1
call    4 returned 1
    $$$$$:  119-block  2
        1:  120:	}
call    0 returned 1
call    1 returned 1
branch  2 taken 1 (fallthrough)
branch  3 taken 0 (throw)
    $$$$$:  120-block  0
call    4 never executed
    $$$$$:  120-block  1
call    5 never executed
        1:  121:}
        1:  121-block  0
call    0 returned 1
call    1 returned 1
    $$$$$:  121-block  1
call    2 never executed
    $$$$$:  121-block  2
call    3 never executed
        -:  122:
function _Z17testServiceAdaugav called 1 returned 100% blocks executed 68%
        1:  123:void testServiceAdauga() {
        1:  124:	Repo repository;
        1:  124-block  0
call    0 returned 1
        -:  125:	Validator validator;
        1:  126:	ShoppingCart cosFilme;
call    0 returned 1
        1:  127:	Service service{ repository, validator, cosFilme };
call    0 returned 1
        5:  128:	service.adaugaFilm("John Wick: Chapter 4", "Actiune", 2023, "Keanu Reeves");
        1:  128-block  0
call    0 returned 1
branch  1 taken 1 (fallthrough)
branch  2 taken 0 (throw)
        1:  128-block  1
call    3 returned 1
branch  4 taken 1 (fallthrough)
branch  5 taken 0 (throw)
        1:  128-block  2
call    6 returned 1
branch  7 taken 1 (fallthrough)
branch  8 taken 0 (throw)
        1:  128-block  3
call    9 returned 1
branch 10 taken 1 (fallthrough)
branch 11 taken 0 (throw)
        1:  128-block  4
call   12 returned 1
call   13 returned 1
call   14 returned 1
    $$$$$:  128-block  5
call   15 never executed
    $$$$$:  128-block  6
    $$$$$:  128-block  7
    $$$$$:  128-block  8
call   16 never executed
    $$$$$:  128-block  9
    $$$$$:  128-block 10
    $$$$$:  128-block 11
call   17 never executed
    $$$$$:  128-block 12
    $$$$$:  128-block 13
       1*:  129:	assert(service.getAll().size() == 1);
call    0 returned 1
branch  1 taken 1 (fallthrough)
branch  2 taken 0 (throw)
        1:  129-block  0
call    3 returned 1
branch  4 taken 0 (fallthrough)
branch  5 taken 1
    %%%%%:  129-block  1
call    6 never executed
        -:  130:	
        -:  131:	try {
       6*:  132:		service.adaugaFilm("", "", -1, "");
        1:  132-block  0
call    0 returned 1
branch  1 taken 1 (fallthrough)
branch  2 taken 0 (throw)
        1:  132-block  1
call    3 returned 1
branch  4 taken 1 (fallthrough)
branch  5 taken 0 (throw)
        1:  132-block  2
call    6 returned 1
branch  7 taken 1 (fallthrough)
branch  8 taken 0 (throw)
        1:  132-block  3
call    9 returned 1
branch 10 taken 0 (fallthrough)
branch 11 taken 1 (throw)
    %%%%%:  132-block  4
call   12 never executed
call   13 never executed
call   14 never executed
        1:  132-block  5
call   15 returned 1
        1:  132-block  6
        1:  132-block  7
        1:  132-block  8
call   16 returned 1
        1:  132-block  9
        1:  132-block 10
        1:  132-block 11
call   17 returned 1
        1:  132-block 12
        1:  132-block 13
    #####:  133:		assert(false);
call    0 never executed
        -:  134:	}
        1:  135:	catch (ExceptieValidare&) {
        1:  135-block  0
branch  0 taken 0 (fallthrough)
branch  1 taken 1
        1:  135-block  1
call    2 returned 1
        -:  136:		assert(true);
        1:  137:	}
call    0 returned 1
branch  1 taken 1 (fallthrough)
branch  2 taken 0 (throw)
        -:  138:
        -:  139:	try {
        6:  140:		service.adaugaFilm("John Wick: Chapter 4", "Aventura", -1, "Benedict Cumberbatch");
        1:  140-block  0
call    0 returned 1
branch  1 taken 1 (fallthrough)
branch  2 taken 0 (throw)
        1:  140-block  1
call    3 returned 1
branch  4 taken 1 (fallthrough)
branch  5 taken 0 (throw)
        1:  140-block  2
call    6 returned 1
branch  7 taken 1 (fallthrough)
branch  8 taken 0 (throw)
        1:  140-block  3
call    9 returned 1
branch 10 taken 0 (fallthrough)
branch 11 taken 1 (throw)
    $$$$$:  140-block  4
call   12 never executed
call   13 never executed
call   14 never executed
        1:  140-block  5
call   15 returned 1
        1:  140-block  6
        1:  140-block  7
        1:  140-block  8
call   16 returned 1
        1:  140-block  9
        1:  140-block 10
        1:  140-block 11
call   17 returned 1
        1:  140-block 12
        1:  140-block 13
    =====:  141:		assert(false);
call    0 never executed
        -:  142:	}
        1:  143:	catch (ExceptieValidare&) {
        1:  143-block  0
branch  0 taken 0 (fallthrough)
branch  1 taken 1
        1:  143-block  1
call    2 returned 1
        -:  144:		assert(true);
        1:  145:	}
call    0 returned 1
branch  1 taken 1 (fallthrough)
branch  2 taken 0 (throw)
        1:  146:}
        1:  146-block  0
call    0 returned 1
call    1 returned 1
call    2 returned 1
    $$$$$:  146-block  1
call    3 never executed
    $$$$$:  146-block  2
call    4 never executed
    $$$$$:  146-block  3
call    5 never executed
        -:  147:
function _Z17testServiceStergev called 1 returned 100% blocks executed 51%
        1:  148:void testServiceSterge() {
        1:  149:	Repo repository;
        1:  149-block  0
call    0 returned 1
        -:  150:	Validator validator;
        1:  151:	ShoppingCart cosFilme;
call    0 returned 1
        1:  152:	Service service{ repository, validator, cosFilme };
call    0 returned 1
        6:  153:	service.adaugaFilm("John Wick: Chapter 4", "Actiune", 2023, "Keanu Reeves");
        1:  153-block  0
call    0 returned 1
branch  1 taken 1 (fallthrough)
branch  2 taken 0 (throw)
        1:  153-block  1
call    3 returned 1
branch  4 taken 1 (fallthrough)
branch  5 taken 0 (throw)
        1:  153-block  2
call    6 returned 1
branch  7 taken 1 (fallthrough)
branch  8 taken 0 (throw)
        1:  153-block  3
call    9 returned 1
branch 10 taken 1 (fallthrough)
branch 11 taken 0 (throw)
        1:  153-block  4
call   12 returned 1
call   13 returned 1
call   14 returned 1
    $$$$$:  153-block  5
call   15 never executed
    $$$$$:  153-block  6
    $$$$$:  153-block  7
    $$$$$:  153-block  8
call   16 never executed
    $$$$$:  153-block  9
    $$$$$:  153-block 10
    $$$$$:  153-block 11
call   17 never executed
    $$$$$:  153-block 12
    $$$$$:  153-block 13
        6:  154:	service.adaugaFilm("The Imitation Game", "Historic Drama", 2014, "Benedict Cumberbatch");
        1:  154-block  0
call    0 returned 1
branch  1 taken 1 (fallthrough)
branch  2 taken 0 (throw)
        1:  154-block  1
call    3 returned 1
branch  4 taken 1 (fallthrough)
branch  5 taken 0 (throw)
        1:  154-block  2
call    6 returned 1
branch  7 taken 1 (fallthrough)
branch  8 taken 0 (throw)
        1:  154-block  3
call    9 returned 1
branch 10 taken 1 (fallthrough)
branch 11 taken 0 (throw)
        1:  154-block  4
call   12 returned 1
call   13 returned 1
call   14 returned 1
    $$$$$:  154-block  5
call   15 never executed
    $$$$$:  154-block  6
    $$$$$:  154-block  7
    $$$$$:  154-block  8
call   16 never executed
    $$$$$:  154-block  9
    $$$$$:  154-block 10
    $$$$$:  154-block 11
call   17 never executed
    $$$$$:  154-block 12
    $$$$$:  154-block 13
        6:  155:	service.adaugaFilm("Titanic", "Epic Romance", 1997, "Leonardo DiCaprio");
        1:  155-block  0
call    0 returned 1
branch  1 taken 1 (fallthrough)
branch  2 taken 0 (throw)
        1:  155-block  1
call    3 returned 1
branch  4 taken 1 (fallthrough)
branch  5 taken 0 (throw)
        1:  155-block  2
call    6 returned 1
branch  7 taken 1 (fallthrough)
branch  8 taken 0 (throw)
        1:  155-block  3
call    9 returned 1
branch 10 taken 1 (fallthrough)
branch 11 taken 0 (throw)
        1:  155-block  4
call   12 returned 1
call   13 returned 1
call   14 returned 1
    $$$$$:  155-block  5
call   15 never executed
    $$$$$:  155-block  6
    $$$$$:  155-block  7
    $$$$$:  155-block  8
call   16 never executed
    $$$$$:  155-block  9
    $$$$$:  155-block 10
    $$$$$:  155-block 11
call   17 never executed
    $$$$$:  155-block 12
    $$$$$:  155-block 13
        6:  156:	service.adaugaFilm("Avatar 2", "Science-Fiction", 2022, "Sam Worthington");
        1:  156-block  0
call    0 returned 1
branch  1 taken 1 (fallthrough)
branch  2 taken 0 (throw)
        1:  156-block  1
call    3 returned 1
branch  4 taken 1 (fallthrough)
branch  5 taken 0 (throw)
        1:  156-block  2
call    6 returned 1
branch  7 taken 1 (fallthrough)
branch  8 taken 0 (throw)
        1:  156-block  3
call    9 returned 1
branch 10 taken 1 (fallthrough)
branch 11 taken 0 (throw)
        1:  156-block  4
call   12 returned 1
call   13 returned 1
call   14 returned 1
    $$$$$:  156-block  5
call   15 never executed
    $$$$$:  156-block  6
    $$$$$:  156-block  7
    $$$$$:  156-block  8
call   16 never executed
    $$$$$:  156-block  9
    $$$$$:  156-block 10
    $$$$$:  156-block 11
call   17 never executed
    $$$$$:  156-block 12
    $$$$$:  156-block 13
        5:  157:	service.adaugaFilm("The Revenant", "American Action Drama", 2016, "Leonardo DiCaprio");
        1:  157-block  0
call    0 returned 1
branch  1 taken 1 (fallthrough)
branch  2 taken 0 (throw)
        1:  157-block  1
call    3 returned 1
branch  4 taken 1 (fallthrough)
branch  5 taken 0 (throw)
        1:  157-block  2
call    6 returned 1
branch  7 taken 1 (fallthrough)
branch  8 taken 0 (throw)
        1:  157-block  3
call    9 returned 1
branch 10 taken 1 (fallthrough)
branch 11 taken 0 (throw)
        1:  157-block  4
call   12 returned 1
call   13 returned 1
call   14 returned 1
    $$$$$:  157-block  5
call   15 never executed
    $$$$$:  157-block  6
    $$$$$:  157-block  7
    $$$$$:  157-block  8
call   16 never executed
    $$$$$:  157-block  9
    $$$$$:  157-block 10
    $$$$$:  157-block 11
call   17 never executed
    $$$$$:  157-block 12
    $$$$$:  157-block 13
       1*:  158:	assert(service.getAll().size() == 5);
call    0 returned 1
branch  1 taken 1 (fallthrough)
branch  2 taken 0 (throw)
        1:  158-block  0
call    3 returned 1
branch  4 taken 0 (fallthrough)
branch  5 taken 1
    %%%%%:  158-block  1
call    6 never executed
        1:  159:	service.stergeFilm("Titanic");
        1:  159-block  0
call    0 returned 1
branch  1 taken 1 (fallthrough)
branch  2 taken 0 (throw)
        1:  159-block  1
call    3 returned 1
branch  4 taken 1 (fallthrough)
branch  5 taken 0 (throw)
        1:  159-block  2
call    6 returned 1
    $$$$$:  159-block  3
call    7 never executed
    $$$$$:  159-block  4
    $$$$$:  159-block  5
       1*:  160:	assert(service.getAll().size() == 4);
call    0 returned 1
branch  1 taken 1 (fallthrough)
branch  2 taken 0 (throw)
        1:  160-block  0
call    3 returned 1
branch  4 taken 0 (fallthrough)
branch  5 taken 1
    %%%%%:  160-block  1
call    6 never executed
        -:  161:
        -:  162:	try {
       2*:  163:		service.stergeFilm("La La Land");
        1:  163-block  0
call    0 returned 1
branch  1 taken 1 (fallthrough)
branch  2 taken 0 (throw)
        1:  163-block  1
call    3 returned 1
branch  4 taken 0 (fallthrough)
branch  5 taken 1 (throw)
    %%%%%:  163-block  2
call    6 never executed
        1:  163-block  3
call    7 returned 1
        1:  163-block  4
        1:  163-block  5
    #####:  164:		assert(false);
call    0 never executed
        -:  165:	}
        1:  166:	catch (ExceptieRepo&) {
        1:  166-block  0
branch  0 taken 0 (fallthrough)
branch  1 taken 1
        1:  166-block  1
call    2 returned 1
        -:  167:		assert(true);
        1:  168:	}
call    0 returned 1
branch  1 taken 1 (fallthrough)
branch  2 taken 0 (throw)
        1:  169:}
        1:  169-block  0
call    0 returned 1
call    1 returned 1
call    2 returned 1
    $$$$$:  169-block  1
call    3 never executed
    $$$$$:  169-block  2
call    4 never executed
    $$$$$:  169-block  3
call    5 never executed
        -:  170:
function _Z19testServiceModificav called 1 returned 100% blocks executed 49%
        1:  171:void testServiceModifica() {
        1:  172:	Repo repository;
        1:  172-block  0
call    0 returned 1
        -:  173:	Validator validator;
        1:  174:	ShoppingCart cosFilme;
call    0 returned 1
        1:  175:	Service service{ repository, validator, cosFilme };
call    0 returned 1
        6:  176:	service.adaugaFilm("John Wick: Chapter 4", "Actiune", 2023, "Keanu Reeves");
        1:  176-block  0
call    0 returned 1
branch  1 taken 1 (fallthrough)
branch  2 taken 0 (throw)
        1:  176-block  1
call    3 returned 1
branch  4 taken 1 (fallthrough)
branch  5 taken 0 (throw)
        1:  176-block  2
call    6 returned 1
branch  7 taken 1 (fallthrough)
branch  8 taken 0 (throw)
        1:  176-block  3
call    9 returned 1
branch 10 taken 1 (fallthrough)
branch 11 taken 0 (throw)
        1:  176-block  4
call   12 returned 1
call   13 returned 1
call   14 returned 1
    $$$$$:  176-block  5
call   15 never executed
    $$$$$:  176-block  6
    $$$$$:  176-block  7
    $$$$$:  176-block  8
call   16 never executed
    $$$$$:  176-block  9
    $$$$$:  176-block 10
    $$$$$:  176-block 11
call   17 never executed
    $$$$$:  176-block 12
    $$$$$:  176-block 13
        6:  177:	service.adaugaFilm("The Imitation Game", "Historic Drama", 2014, "Benedict Cumberbatch");
        1:  177-block  0
call    0 returned 1
branch  1 taken 1 (fallthrough)
branch  2 taken 0 (throw)
        1:  177-block  1
call    3 returned 1
branch  4 taken 1 (fallthrough)
branch  5 taken 0 (throw)
        1:  177-block  2
call    6 returned 1
branch  7 taken 1 (fallthrough)
branch  8 taken 0 (throw)
        1:  177-block  3
call    9 returned 1
branch 10 taken 1 (fallthrough)
branch 11 taken 0 (throw)
        1:  177-block  4
call   12 returned 1
call   13 returned 1
call   14 returned 1
    $$$$$:  177-block  5
call   15 never executed
    $$$$$:  177-block  6
    $$$$$:  177-block  7
    $$$$$:  177-block  8
call   16 never executed
    $$$$$:  177-block  9
    $$$$$:  177-block 10
    $$$$$:  177-block 11
call   17 never executed
    $$$$$:  177-block 12
    $$$$$:  177-block 13
        5:  178:	service.adaugaFilm("The Revenant", "American Action Drama", 2016, "Leonardo DiCaprio");
        1:  178-block  0
call    0 returned 1
branch  1 taken 1 (fallthrough)
branch  2 taken 0 (throw)
        1:  178-block  1
call    3 returned 1
branch  4 taken 1 (fallthrough)
branch  5 taken 0 (throw)
        1:  178-block  2
call    6 returned 1
branch  7 taken 1 (fallthrough)
branch  8 taken 0 (throw)
        1:  178-block  3
call    9 returned 1
branch 10 taken 1 (fallthrough)
branch 11 taken 0 (throw)
        1:  178-block  4
call   12 returned 1
call   13 returned 1
call   14 returned 1
    $$$$$:  178-block  5
call   15 never executed
    $$$$$:  178-block  6
    $$$$$:  178-block  7
    $$$$$:  178-block  8
call   16 never executed
    $$$$$:  178-block  9
    $$$$$:  178-block 10
    $$$$$:  178-block 11
call   17 never executed
    $$$$$:  178-block 12
    $$$$$:  178-block 13
       1*:  179:	assert(service.getAll().size() == 3);
call    0 returned 1
branch  1 taken 1 (fallthrough)
branch  2 taken 0 (throw)
        1:  179-block  0
call    3 returned 1
branch  4 taken 0 (fallthrough)
branch  5 taken 1
    %%%%%:  179-block  1
call    6 never executed
        5:  180:	service.modificaFilm("The Imitation Game", "Drama", 2007, "Arnold Scwarzenegger");
        1:  180-block  0
call    0 returned 1
branch  1 taken 1 (fallthrough)
branch  2 taken 0 (throw)
        1:  180-block  1
call    3 returned 1
branch  4 taken 1 (fallthrough)
branch  5 taken 0 (throw)
        1:  180-block  2
call    6 returned 1
branch  7 taken 1 (fallthrough)
branch  8 taken 0 (throw)
        1:  180-block  3
call    9 returned 1
branch 10 taken 1 (fallthrough)
branch 11 taken 0 (throw)
        1:  180-block  4
call   12 returned 1
call   13 returned 1
call   14 returned 1
    $$$$$:  180-block  5
call   15 never executed
    $$$$$:  180-block  6
    $$$$$:  180-block  7
    $$$$$:  180-block  8
call   16 never executed
    $$$$$:  180-block  9
    $$$$$:  180-block 10
    $$$$$:  180-block 11
call   17 never executed
    $$$$$:  180-block 12
    $$$$$:  180-block 13
       1*:  181:	assert(service.getAll().size() == 3);
call    0 returned 1
branch  1 taken 1 (fallthrough)
branch  2 taken 0 (throw)
        1:  181-block  0
call    3 returned 1
branch  4 taken 0 (fallthrough)
branch  5 taken 1
    %%%%%:  181-block  1
call    6 never executed
        1:  182:}
        1:  182-block  0
call    0 returned 1
call    1 returned 1
call    2 returned 1
    $$$$$:  182-block  1
call    3 never executed
    $$$$$:  182-block  2
call    4 never executed
    $$$$$:  182-block  3
call    5 never executed
        -:  183:
function _Z16testServiceCautav called 1 returned 100% blocks executed 54%
        1:  184:void testServiceCauta() {
        1:  185:	Repo repository;
        1:  185-block  0
call    0 returned 1
        -:  186:	Validator validator;
        1:  187:	ShoppingCart cosFilme;
call    0 returned 1
        1:  188:	Service service{ repository, validator, cosFilme };
call    0 returned 1
        6:  189:	service.adaugaFilm("John Wick: Chapter 4", "Actiune", 2023, "Keanu Reeves");
        1:  189-block  0
call    0 returned 1
branch  1 taken 1 (fallthrough)
branch  2 taken 0 (throw)
        1:  189-block  1
call    3 returned 1
branch  4 taken 1 (fallthrough)
branch  5 taken 0 (throw)
        1:  189-block  2
call    6 returned 1
branch  7 taken 1 (fallthrough)
branch  8 taken 0 (throw)
        1:  189-block  3
call    9 returned 1
branch 10 taken 1 (fallthrough)
branch 11 taken 0 (throw)
        1:  189-block  4
call   12 returned 1
call   13 returned 1
call   14 returned 1
    $$$$$:  189-block  5
call   15 never executed
    $$$$$:  189-block  6
    $$$$$:  189-block  7
    $$$$$:  189-block  8
call   16 never executed
    $$$$$:  189-block  9
    $$$$$:  189-block 10
    $$$$$:  189-block 11
call   17 never executed
    $$$$$:  189-block 12
    $$$$$:  189-block 13
        6:  190:	service.adaugaFilm("The Imitation Game", "Historic Drama", 2014, "Benedict Cumberbatch");
        1:  190-block  0
call    0 returned 1
branch  1 taken 1 (fallthrough)
branch  2 taken 0 (throw)
        1:  190-block  1
call    3 returned 1
branch  4 taken 1 (fallthrough)
branch  5 taken 0 (throw)
        1:  190-block  2
call    6 returned 1
branch  7 taken 1 (fallthrough)
branch  8 taken 0 (throw)
        1:  190-block  3
call    9 returned 1
branch 10 taken 1 (fallthrough)
branch 11 taken 0 (throw)
        1:  190-block  4
call   12 returned 1
call   13 returned 1
call   14 returned 1
    $$$$$:  190-block  5
call   15 never executed
    $$$$$:  190-block  6
    $$$$$:  190-block  7
    $$$$$:  190-block  8
call   16 never executed
    $$$$$:  190-block  9
    $$$$$:  190-block 10
    $$$$$:  190-block 11
call   17 never executed
    $$$$$:  190-block 12
    $$$$$:  190-block 13
        5:  191:	service.adaugaFilm("The Revenant", "American Action Drama", 2016, "Leonardo DiCaprio");
        1:  191-block  0
call    0 returned 1
branch  1 taken 1 (fallthrough)
branch  2 taken 0 (throw)
        1:  191-block  1
call    3 returned 1
branch  4 taken 1 (fallthrough)
branch  5 taken 0 (throw)
        1:  191-block  2
call    6 returned 1
branch  7 taken 1 (fallthrough)
branch  8 taken 0 (throw)
        1:  191-block  3
call    9 returned 1
branch 10 taken 1 (fallthrough)
branch 11 taken 0 (throw)
        1:  191-block  4
call   12 returned 1
call   13 returned 1
call   14 returned 1
    $$$$$:  191-block  5
call   15 never executed
    $$$$$:  191-block  6
    $$$$$:  191-block  7
    $$$$$:  191-block  8
call   16 never executed
    $$$$$:  191-block  9
    $$$$$:  191-block 10
    $$$$$:  191-block 11
call   17 never executed
    $$$$$:  191-block 12
    $$$$$:  191-block 13
       1*:  192:	assert(service.getAll().size() == 3);
call    0 returned 1
branch  1 taken 1 (fallthrough)
branch  2 taken 0 (throw)
        1:  192-block  0
call    3 returned 1
branch  4 taken 0 (fallthrough)
branch  5 taken 1
    %%%%%:  192-block  1
call    6 never executed
        1:  193:	Film film = service.cautaFilm("The Imitation Game");
        1:  193-block  0
call    0 returned 1
branch  1 taken 1 (fallthrough)
branch  2 taken 0 (throw)
        1:  193-block  1
call    3 returned 1
branch  4 taken 1 (fallthrough)
branch  5 taken 0 (throw)
        1:  193-block  2
call    6 returned 1
    $$$$$:  193-block  3
call    7 never executed
    $$$$$:  193-block  4
    $$$$$:  193-block  5
       1*:  194:	assert(film.getTitluFilm() == "The Imitation Game");
call    0 returned 1
branch  1 taken 1 (fallthrough)
branch  2 taken 0 (throw)
        1:  194-block  0
call    3 returned 1
branch  4 taken 0 (fallthrough)
branch  5 taken 1
    %%%%%:  194-block  1
call    6 never executed
        1:  194-block  2
call    7 returned 1
    $$$$$:  194-block  3
       1*:  195:	assert(film.getGenFilm() == "Historic Drama");
call    0 returned 1
branch  1 taken 1 (fallthrough)
branch  2 taken 0 (throw)
        1:  195-block  0
call    3 returned 1
branch  4 taken 0 (fallthrough)
branch  5 taken 1
    %%%%%:  195-block  1
call    6 never executed
        1:  195-block  2
call    7 returned 1
    $$$$$:  195-block  3
       1*:  196:	assert(film.getAnAparitie() == 2014);
call    0 returned 1
branch  1 taken 1 (fallthrough)
branch  2 taken 0 (throw)
        1:  196-block  0
branch  3 taken 0 (fallthrough)
branch  4 taken 1
    %%%%%:  196-block  1
call    5 never executed
       1*:  197:	assert(film.getActorPrincipal() == "Benedict Cumberbatch");
        1:  197-block  0
call    0 returned 1
branch  1 taken 1 (fallthrough)
branch  2 taken 0 (throw)
        1:  197-block  1
call    3 returned 1
branch  4 taken 0 (fallthrough)
branch  5 taken 1
    %%%%%:  197-block  2
call    6 never executed
        1:  197-block  3
call    7 returned 1
    $$$$$:  197-block  4
        -:  198:
        -:  199:	try {
       2*:  200:		service.cautaFilm("Avatar");
        1:  200-block  0
call    0 returned 1
branch  1 taken 1 (fallthrough)
branch  2 taken 0 (throw)
        1:  200-block  1
call    3 returned 1
branch  4 taken 0 (fallthrough)
branch  5 taken 1 (throw)
    %%%%%:  200-block  2
call    6 never executed
call    7 never executed
        1:  200-block  3
call    8 returned 1
        1:  200-block  4
        1:  200-block  5
        1:  200-block  6
    #####:  201:		assert(false);
call    0 never executed
        -:  202:	}
        1:  203:	catch (ExceptieRepo&) {
        1:  203-block  0
branch  0 taken 0 (fallthrough)
branch  1 taken 1
        1:  203-block  1
call    2 returned 1
        -:  204:		assert(true);
        1:  205:	}
call    0 returned 1
branch  1 taken 1 (fallthrough)
branch  2 taken 0 (throw)
        1:  206:}
        1:  206-block  0
call    0 returned 1
call    1 returned 1
call    2 returned 1
call    3 returned 1
    $$$$$:  206-block  1
call    4 never executed
    $$$$$:  206-block  2
call    5 never executed
    $$$$$:  206-block  3
call    6 never executed
    $$$$$:  206-block  4
call    7 never executed
        -:  207:
function _Z41testServiceFiltreazaDupaGenDupaAnAparitiev called 1 returned 100% blocks executed 52%
        1:  208:void testServiceFiltreazaDupaGenDupaAnAparitie() {
        1:  209:	Repo repository;
        1:  209-block  0
call    0 returned 1
        -:  210:	Validator validator;
        1:  211:	ShoppingCart cosFilme;
call    0 returned 1
        1:  212:	Service service{ repository, validator, cosFilme };
call    0 returned 1
        6:  213:	service.adaugaFilm("John Wick: Chapter 4", "Actiune", 2020, "Keanu Reeves");
        1:  213-block  0
call    0 returned 1
branch  1 taken 1 (fallthrough)
branch  2 taken 0 (throw)
        1:  213-block  1
call    3 returned 1
branch  4 taken 1 (fallthrough)
branch  5 taken 0 (throw)
        1:  213-block  2
call    6 returned 1
branch  7 taken 1 (fallthrough)
branch  8 taken 0 (throw)
        1:  213-block  3
call    9 returned 1
branch 10 taken 1 (fallthrough)
branch 11 taken 0 (throw)
        1:  213-block  4
call   12 returned 1
call   13 returned 1
call   14 returned 1
    $$$$$:  213-block  5
call   15 never executed
    $$$$$:  213-block  6
    $$$$$:  213-block  7
    $$$$$:  213-block  8
call   16 never executed
    $$$$$:  213-block  9
    $$$$$:  213-block 10
    $$$$$:  213-block 11
call   17 never executed
    $$$$$:  213-block 12
    $$$$$:  213-block 13
        6:  214:	service.adaugaFilm("The Imitation Game", "Drama", 2021, "Benedict Cumberbatch");
        1:  214-block  0
call    0 returned 1
branch  1 taken 1 (fallthrough)
branch  2 taken 0 (throw)
        1:  214-block  1
call    3 returned 1
branch  4 taken 1 (fallthrough)
branch  5 taken 0 (throw)
        1:  214-block  2
call    6 returned 1
branch  7 taken 1 (fallthrough)
branch  8 taken 0 (throw)
        1:  214-block  3
call    9 returned 1
branch 10 taken 1 (fallthrough)
branch 11 taken 0 (throw)
        1:  214-block  4
call   12 returned 1
call   13 returned 1
call   14 returned 1
    $$$$$:  214-block  5
call   15 never executed
    $$$$$:  214-block  6
    $$$$$:  214-block  7
    $$$$$:  214-block  8
call   16 never executed
    $$$$$:  214-block  9
    $$$$$:  214-block 10
    $$$$$:  214-block 11
call   17 never executed
    $$$$$:  214-block 12
    $$$$$:  214-block 13
        6:  215:	service.adaugaFilm("Titanic", "Romance", 2020, "Leonardo DiCaprio");
        1:  215-block  0
call    0 returned 1
branch  1 taken 1 (fallthrough)
branch  2 taken 0 (throw)
        1:  215-block  1
call    3 returned 1
branch  4 taken 1 (fallthrough)
branch  5 taken 0 (throw)
        1:  215-block  2
call    6 returned 1
branch  7 taken 1 (fallthrough)
branch  8 taken 0 (throw)
        1:  215-block  3
call    9 returned 1
branch 10 taken 1 (fallthrough)
branch 11 taken 0 (throw)
        1:  215-block  4
call   12 returned 1
call   13 returned 1
call   14 returned 1
    $$$$$:  215-block  5
call   15 never executed
    $$$$$:  215-block  6
    $$$$$:  215-block  7
    $$$$$:  215-block  8
call   16 never executed
    $$$$$:  215-block  9
    $$$$$:  215-block 10
    $$$$$:  215-block 11
call   17 never executed
    $$$$$:  215-block 12
    $$$$$:  215-block 13
        6:  216:	service.adaugaFilm("Avatar 2", "Actiune", 2020, "Sam Worthington");
        1:  216-block  0
call    0 returned 1
branch  1 taken 1 (fallthrough)
branch  2 taken 0 (throw)
        1:  216-block  1
call    3 returned 1
branch  4 taken 1 (fallthrough)
branch  5 taken 0 (throw)
        1:  216-block  2
call    6 returned 1
branch  7 taken 1 (fallthrough)
branch  8 taken 0 (throw)
        1:  216-block  3
call    9 returned 1
branch 10 taken 1 (fallthrough)
branch 11 taken 0 (throw)
        1:  216-block  4
call   12 returned 1
call   13 returned 1
call   14 returned 1
    $$$$$:  216-block  5
call   15 never executed
    $$$$$:  216-block  6
    $$$$$:  216-block  7
    $$$$$:  216-block  8
call   16 never executed
    $$$$$:  216-block  9
    $$$$$:  216-block 10
    $$$$$:  216-block 11
call   17 never executed
    $$$$$:  216-block 12
    $$$$$:  216-block 13
        5:  217:	service.adaugaFilm("The Revenant", "Drama", 2022, "Leonardo DiCaprio");
        1:  217-block  0
call    0 returned 1
branch  1 taken 1 (fallthrough)
branch  2 taken 0 (throw)
        1:  217-block  1
call    3 returned 1
branch  4 taken 1 (fallthrough)
branch  5 taken 0 (throw)
        1:  217-block  2
call    6 returned 1
branch  7 taken 1 (fallthrough)
branch  8 taken 0 (throw)
        1:  217-block  3
call    9 returned 1
branch 10 taken 1 (fallthrough)
branch 11 taken 0 (throw)
        1:  217-block  4
call   12 returned 1
call   13 returned 1
call   14 returned 1
    $$$$$:  217-block  5
call   15 never executed
    $$$$$:  217-block  6
    $$$$$:  217-block  7
    $$$$$:  217-block  8
call   16 never executed
    $$$$$:  217-block  9
    $$$$$:  217-block 10
    $$$$$:  217-block 11
call   17 never executed
    $$$$$:  217-block 12
    $$$$$:  217-block 13
       1*:  218:	assert(service.getAll().size() == 5);
call    0 returned 1
branch  1 taken 1 (fallthrough)
branch  2 taken 0 (throw)
        1:  218-block  0
call    3 returned 1
branch  4 taken 0 (fallthrough)
branch  5 taken 1
    %%%%%:  218-block  1
call    6 never executed
        -:  219:
        1:  220:	vector<Film> filmeFiltrateDupaGen = service.filtreazaDupaGen("Drama");
        1:  220-block  0
call    0 returned 1
branch  1 taken 1 (fallthrough)
branch  2 taken 0 (throw)
        1:  220-block  1
call    3 returned 1
branch  4 taken 1 (fallthrough)
branch  5 taken 0 (throw)
        1:  220-block  2
call    6 returned 1
    $$$$$:  220-block  3
call    7 never executed
    $$$$$:  220-block  4
    $$$$$:  220-block  5
       1*:  221:	assert(filmeFiltrateDupaGen.size() == 2);
call    0 returned 1
branch  1 taken 0 (fallthrough)
branch  2 taken 1
    %%%%%:  221-block  0
call    3 never executed
       1*:  222:	assert(filmeFiltrateDupaGen[0].getTitluFilm() == "The Imitation Game");
        1:  222-block  0
call    0 returned 1
call    1 returned 1
branch  2 taken 1 (fallthrough)
branch  3 taken 0 (throw)
        1:  222-block  1
call    4 returned 1
branch  5 taken 0 (fallthrough)
branch  6 taken 1
    %%%%%:  222-block  2
call    7 never executed
        1:  222-block  3
call    8 returned 1
    $$$$$:  222-block  4
       1*:  223:	assert(filmeFiltrateDupaGen[1].getTitluFilm() == "The Revenant");
call    0 returned 1
call    1 returned 1
branch  2 taken 1 (fallthrough)
branch  3 taken 0 (throw)
        1:  223-block  0
call    4 returned 1
branch  5 taken 0 (fallthrough)
branch  6 taken 1
    %%%%%:  223-block  1
call    7 never executed
        1:  223-block  2
call    8 returned 1
    $$$$$:  223-block  3
        -:  224:
        1:  225:	vector<Film> filmeFiltrateDupaAnAparitie = service.filtreazaDupaAnAparitie(2020);
call    0 returned 1
branch  1 taken 1 (fallthrough)
branch  2 taken 0 (throw)
       1*:  226:	assert(filmeFiltrateDupaAnAparitie.size() == 3);
        1:  226-block  0
call    0 returned 1
branch  1 taken 0 (fallthrough)
branch  2 taken 1
    %%%%%:  226-block  1
call    3 never executed
       1*:  227:	assert(filmeFiltrateDupaAnAparitie[0].getTitluFilm() == "John Wick: Chapter 4");
        1:  227-block  0
call    0 returned 1
call    1 returned 1
branch  2 taken 1 (fallthrough)
branch  3 taken 0 (throw)
        1:  227-block  1
call    4 returned 1
branch  5 taken 0 (fallthrough)
branch  6 taken 1
    %%%%%:  227-block  2
call    7 never executed
        1:  227-block  3
call    8 returned 1
    $$$$$:  227-block  4
       1*:  228:	assert(filmeFiltrateDupaAnAparitie[1].getTitluFilm() == "Titanic");
call    0 returned 1
call    1 returned 1
branch  2 taken 1 (fallthrough)
branch  3 taken 0 (throw)
        1:  228-block  0
call    4 returned 1
branch  5 taken 0 (fallthrough)
branch  6 taken 1
    %%%%%:  228-block  1
call    7 never executed
        1:  228-block  2
call    8 returned 1
    $$$$$:  228-block  3
       1*:  229:	assert(filmeFiltrateDupaAnAparitie[2].getTitluFilm() == "Avatar 2");
call    0 returned 1
call    1 returned 1
branch  2 taken 1 (fallthrough)
branch  3 taken 0 (throw)
        1:  229-block  0
call    4 returned 1
branch  5 taken 0 (fallthrough)
branch  6 taken 1
    %%%%%:  229-block  1
call    7 never executed
        1:  229-block  2
call    8 returned 1
    $$$$$:  229-block  3
        1:  230:}
call    0 returned 1
call    1 returned 1
call    2 returned 1
call    3 returned 1
call    4 returned 1
    $$$$$:  230-block  0
call    5 never executed
    $$$$$:  230-block  1
call    6 never executed
    $$$$$:  230-block  2
call    7 never executed
    $$$$$:  230-block  3
call    8 never executed
    $$$$$:  230-block  4
call    9 never executed
        -:  231:
function _Z18testServiceSortariv called 1 returned 100% blocks executed 61%
        1:  232:void testServiceSortari() {
        1:  233:	Repo repository;
        1:  233-block  0
call    0 returned 1
        -:  234:	Validator validator;
        1:  235:	ShoppingCart cosFilme;
call    0 returned 1
        1:  236:	Service service{ repository, validator, cosFilme };
call    0 returned 1
        6:  237:	service.adaugaFilm("John Wick: Chapter 4", "Actiune", 2020, "Keanu Reeves");
        1:  237-block  0
call    0 returned 1
branch  1 taken 1 (fallthrough)
branch  2 taken 0 (throw)
        1:  237-block  1
call    3 returned 1
branch  4 taken 1 (fallthrough)
branch  5 taken 0 (throw)
        1:  237-block  2
call    6 returned 1
branch  7 taken 1 (fallthrough)
branch  8 taken 0 (throw)
        1:  237-block  3
call    9 returned 1
branch 10 taken 1 (fallthrough)
branch 11 taken 0 (throw)
        1:  237-block  4
call   12 returned 1
call   13 returned 1
call   14 returned 1
    $$$$$:  237-block  5
call   15 never executed
    $$$$$:  237-block  6
    $$$$$:  237-block  7
    $$$$$:  237-block  8
call   16 never executed
    $$$$$:  237-block  9
    $$$$$:  237-block 10
    $$$$$:  237-block 11
call   17 never executed
    $$$$$:  237-block 12
    $$$$$:  237-block 13
        6:  238:	service.adaugaFilm("The Imitation Game", "Drama", 2021, "Benedict Cumberbatch");
        1:  238-block  0
call    0 returned 1
branch  1 taken 1 (fallthrough)
branch  2 taken 0 (throw)
        1:  238-block  1
call    3 returned 1
branch  4 taken 1 (fallthrough)
branch  5 taken 0 (throw)
        1:  238-block  2
call    6 returned 1
branch  7 taken 1 (fallthrough)
branch  8 taken 0 (throw)
        1:  238-block  3
call    9 returned 1
branch 10 taken 1 (fallthrough)
branch 11 taken 0 (throw)
        1:  238-block  4
call   12 returned 1
call   13 returned 1
call   14 returned 1
    $$$$$:  238-block  5
call   15 never executed
    $$$$$:  238-block  6
    $$$$$:  238-block  7
    $$$$$:  238-block  8
call   16 never executed
    $$$$$:  238-block  9
    $$$$$:  238-block 10
    $$$$$:  238-block 11
call   17 never executed
    $$$$$:  238-block 12
    $$$$$:  238-block 13
        6:  239:	service.adaugaFilm("Titanic", "Romance", 2020, "Leonardo DiCaprio");
        1:  239-block  0
call    0 returned 1
branch  1 taken 1 (fallthrough)
branch  2 taken 0 (throw)
        1:  239-block  1
call    3 returned 1
branch  4 taken 1 (fallthrough)
branch  5 taken 0 (throw)
        1:  239-block  2
call    6 returned 1
branch  7 taken 1 (fallthrough)
branch  8 taken 0 (throw)
        1:  239-block  3
call    9 returned 1
branch 10 taken 1 (fallthrough)
branch 11 taken 0 (throw)
        1:  239-block  4
call   12 returned 1
call   13 returned 1
call   14 returned 1
    $$$$$:  239-block  5
call   15 never executed
    $$$$$:  239-block  6
    $$$$$:  239-block  7
    $$$$$:  239-block  8
call   16 never executed
    $$$$$:  239-block  9
    $$$$$:  239-block 10
    $$$$$:  239-block 11
call   17 never executed
    $$$$$:  239-block 12
    $$$$$:  239-block 13
        6:  240:	service.adaugaFilm("Avatar 2", "Actiune", 2020, "Sam Worthington");
        1:  240-block  0
call    0 returned 1
branch  1 taken 1 (fallthrough)
branch  2 taken 0 (throw)
        1:  240-block  1
call    3 returned 1
branch  4 taken 1 (fallthrough)
branch  5 taken 0 (throw)
        1:  240-block  2
call    6 returned 1
branch  7 taken 1 (fallthrough)
branch  8 taken 0 (throw)
        1:  240-block  3
call    9 returned 1
branch 10 taken 1 (fallthrough)
branch 11 taken 0 (throw)
        1:  240-block  4
call   12 returned 1
call   13 returned 1
call   14 returned 1
    $$$$$:  240-block  5
call   15 never executed
    $$$$$:  240-block  6
    $$$$$:  240-block  7
    $$$$$:  240-block  8
call   16 never executed
    $$$$$:  240-block  9
    $$$$$:  240-block 10
    $$$$$:  240-block 11
call   17 never executed
    $$$$$:  240-block 12
    $$$$$:  240-block 13
        5:  241:	service.adaugaFilm("The Revenant", "Drama", 2022, "Leonardo DiCaprio");
        1:  241-block  0
call    0 returned 1
branch  1 taken 1 (fallthrough)
branch  2 taken 0 (throw)
        1:  241-block  1
call    3 returned 1
branch  4 taken 1 (fallthrough)
branch  5 taken 0 (throw)
        1:  241-block  2
call    6 returned 1
branch  7 taken 1 (fallthrough)
branch  8 taken 0 (throw)
        1:  241-block  3
call    9 returned 1
branch 10 taken 1 (fallthrough)
branch 11 taken 0 (throw)
        1:  241-block  4
call   12 returned 1
call   13 returned 1
call   14 returned 1
    $$$$$:  241-block  5
call   15 never executed
    $$$$$:  241-block  6
    $$$$$:  241-block  7
    $$$$$:  241-block  8
call   16 never executed
    $$$$$:  241-block  9
    $$$$$:  241-block 10
    $$$$$:  241-block 11
call   17 never executed
    $$$$$:  241-block 12
    $$$$$:  241-block 13
       1*:  242:	assert(service.getAll().size() == 5);
call    0 returned 1
branch  1 taken 1 (fallthrough)
branch  2 taken 0 (throw)
        1:  242-block  0
call    3 returned 1
branch  4 taken 0 (fallthrough)
branch  5 taken 1
    %%%%%:  242-block  1
call    6 never executed
        -:  243:
        1:  244:	vector<Film> filmeFiltrateDupaTitluCrescator = service.sorteaza(1, 1);
        1:  244-block  0
call    0 returned 1
branch  1 taken 1 (fallthrough)
branch  2 taken 0 (throw)
       1*:  245:	assert(filmeFiltrateDupaTitluCrescator[0].getTitluFilm() == "Avatar 2");
        1:  245-block  0
call    0 returned 1
call    1 returned 1
branch  2 taken 1 (fallthrough)
branch  3 taken 0 (throw)
        1:  245-block  1
call    4 returned 1
branch  5 taken 0 (fallthrough)
branch  6 taken 1
    %%%%%:  245-block  2
call    7 never executed
        1:  245-block  3
call    8 returned 1
    $$$$$:  245-block  4
       1*:  246:	assert(filmeFiltrateDupaTitluCrescator[1].getTitluFilm() == "John Wick: Chapter 4");
call    0 returned 1
call    1 returned 1
branch  2 taken 1 (fallthrough)
branch  3 taken 0 (throw)
        1:  246-block  0
call    4 returned 1
branch  5 taken 0 (fallthrough)
branch  6 taken 1
    %%%%%:  246-block  1
call    7 never executed
        1:  246-block  2
call    8 returned 1
    $$$$$:  246-block  3
       1*:  247:	assert(filmeFiltrateDupaTitluCrescator[2].getTitluFilm() == "The Imitation Game");
call    0 returned 1
call    1 returned 1
branch  2 taken 1 (fallthrough)
branch  3 taken 0 (throw)
        1:  247-block  0
call    4 returned 1
branch  5 taken 0 (fallthrough)
branch  6 taken 1
    %%%%%:  247-block  1
call    7 never executed
        1:  247-block  2
call    8 returned 1
    $$$$$:  247-block  3
       1*:  248:	assert(filmeFiltrateDupaTitluCrescator[3].getTitluFilm() == "The Revenant");
call    0 returned 1
call    1 returned 1
branch  2 taken 1 (fallthrough)
branch  3 taken 0 (throw)
        1:  248-block  0
call    4 returned 1
branch  5 taken 0 (fallthrough)
branch  6 taken 1
    %%%%%:  248-block  1
call    7 never executed
        1:  248-block  2
call    8 returned 1
    $$$$$:  248-block  3
       1*:  249:	assert(filmeFiltrateDupaTitluCrescator[4].getTitluFilm() == "Titanic");
call    0 returned 1
call    1 returned 1
branch  2 taken 1 (fallthrough)
branch  3 taken 0 (throw)
        1:  249-block  0
call    4 returned 1
branch  5 taken 0 (fallthrough)
branch  6 taken 1
    %%%%%:  249-block  1
call    7 never executed
        1:  249-block  2
call    8 returned 1
    $$$$$:  249-block  3
        -:  250:
        1:  251:	vector<Film> filmeFiltrateDupaTitluDescrescator = service.sorteaza(1, 2);
call    0 returned 1
branch  1 taken 1 (fallthrough)
branch  2 taken 0 (throw)
       1*:  252:	assert(filmeFiltrateDupaTitluDescrescator[4].getTitluFilm() == "Avatar 2");
        1:  252-block  0
call    0 returned 1
call    1 returned 1
branch  2 taken 1 (fallthrough)
branch  3 taken 0 (throw)
        1:  252-block  1
call    4 returned 1
branch  5 taken 0 (fallthrough)
branch  6 taken 1
    %%%%%:  252-block  2
call    7 never executed
        1:  252-block  3
call    8 returned 1
    $$$$$:  252-block  4
       1*:  253:	assert(filmeFiltrateDupaTitluDescrescator[3].getTitluFilm() == "John Wick: Chapter 4");
call    0 returned 1
call    1 returned 1
branch  2 taken 1 (fallthrough)
branch  3 taken 0 (throw)
        1:  253-block  0
call    4 returned 1
branch  5 taken 0 (fallthrough)
branch  6 taken 1
    %%%%%:  253-block  1
call    7 never executed
        1:  253-block  2
call    8 returned 1
    $$$$$:  253-block  3
       1*:  254:	assert(filmeFiltrateDupaTitluDescrescator[2].getTitluFilm() == "The Imitation Game");
call    0 returned 1
call    1 returned 1
branch  2 taken 1 (fallthrough)
branch  3 taken 0 (throw)
        1:  254-block  0
call    4 returned 1
branch  5 taken 0 (fallthrough)
branch  6 taken 1
    %%%%%:  254-block  1
call    7 never executed
        1:  254-block  2
call    8 returned 1
    $$$$$:  254-block  3
       1*:  255:	assert(filmeFiltrateDupaTitluDescrescator[1].getTitluFilm() == "The Revenant");
call    0 returned 1
call    1 returned 1
branch  2 taken 1 (fallthrough)
branch  3 taken 0 (throw)
        1:  255-block  0
call    4 returned 1
branch  5 taken 0 (fallthrough)
branch  6 taken 1
    %%%%%:  255-block  1
call    7 never executed
        1:  255-block  2
call    8 returned 1
    $$$$$:  255-block  3
       1*:  256:	assert(filmeFiltrateDupaTitluDescrescator[0].getTitluFilm() == "Titanic");
call    0 returned 1
call    1 returned 1
branch  2 taken 1 (fallthrough)
branch  3 taken 0 (throw)
        1:  256-block  0
call    4 returned 1
branch  5 taken 0 (fallthrough)
branch  6 taken 1
    %%%%%:  256-block  1
call    7 never executed
        1:  256-block  2
call    8 returned 1
    $$$$$:  256-block  3
        -:  257:
        1:  258:	vector<Film> filmeFiltrateDupaActorCrescator = service.sorteaza(2, 1);
call    0 returned 1
branch  1 taken 1 (fallthrough)
branch  2 taken 0 (throw)
       1*:  259:	assert(filmeFiltrateDupaActorCrescator[0].getActorPrincipal() == "Benedict Cumberbatch");
        1:  259-block  0
call    0 returned 1
call    1 returned 1
branch  2 taken 1 (fallthrough)
branch  3 taken 0 (throw)
        1:  259-block  1
call    4 returned 1
branch  5 taken 0 (fallthrough)
branch  6 taken 1
    %%%%%:  259-block  2
call    7 never executed
        1:  259-block  3
call    8 returned 1
    $$$$$:  259-block  4
       1*:  260:	assert(filmeFiltrateDupaActorCrescator[1].getActorPrincipal() == "Keanu Reeves");
call    0 returned 1
call    1 returned 1
branch  2 taken 1 (fallthrough)
branch  3 taken 0 (throw)
        1:  260-block  0
call    4 returned 1
branch  5 taken 0 (fallthrough)
branch  6 taken 1
    %%%%%:  260-block  1
call    7 never executed
        1:  260-block  2
call    8 returned 1
    $$$$$:  260-block  3
       1*:  261:	assert(filmeFiltrateDupaActorCrescator[2].getActorPrincipal() == "Leonardo DiCaprio");
call    0 returned 1
call    1 returned 1
branch  2 taken 1 (fallthrough)
branch  3 taken 0 (throw)
        1:  261-block  0
call    4 returned 1
branch  5 taken 0 (fallthrough)
branch  6 taken 1
    %%%%%:  261-block  1
call    7 never executed
        1:  261-block  2
call    8 returned 1
    $$$$$:  261-block  3
       1*:  262:	assert(filmeFiltrateDupaActorCrescator[3].getActorPrincipal() == "Leonardo DiCaprio");
call    0 returned 1
call    1 returned 1
branch  2 taken 1 (fallthrough)
branch  3 taken 0 (throw)
        1:  262-block  0
call    4 returned 1
branch  5 taken 0 (fallthrough)
branch  6 taken 1
    %%%%%:  262-block  1
call    7 never executed
        1:  262-block  2
call    8 returned 1
    $$$$$:  262-block  3
       1*:  263:	assert(filmeFiltrateDupaActorCrescator[4].getActorPrincipal() == "Sam Worthington");
call    0 returned 1
call    1 returned 1
branch  2 taken 1 (fallthrough)
branch  3 taken 0 (throw)
        1:  263-block  0
call    4 returned 1
branch  5 taken 0 (fallthrough)
branch  6 taken 1
    %%%%%:  263-block  1
call    7 never executed
        1:  263-block  2
call    8 returned 1
    $$$$$:  263-block  3
        -:  264:
        1:  265:	vector<Film> filmeFiltrateDupaActorDescrescator = service.sorteaza(2, 2);
call    0 returned 1
branch  1 taken 1 (fallthrough)
branch  2 taken 0 (throw)
       1*:  266:	assert(filmeFiltrateDupaActorDescrescator[4].getActorPrincipal() == "Benedict Cumberbatch");
        1:  266-block  0
call    0 returned 1
call    1 returned 1
branch  2 taken 1 (fallthrough)
branch  3 taken 0 (throw)
        1:  266-block  1
call    4 returned 1
branch  5 taken 0 (fallthrough)
branch  6 taken 1
    %%%%%:  266-block  2
call    7 never executed
        1:  266-block  3
call    8 returned 1
    $$$$$:  266-block  4
       1*:  267:	assert(filmeFiltrateDupaActorDescrescator[3].getActorPrincipal() == "Keanu Reeves");
call    0 returned 1
call    1 returned 1
branch  2 taken 1 (fallthrough)
branch  3 taken 0 (throw)
        1:  267-block  0
call    4 returned 1
branch  5 taken 0 (fallthrough)
branch  6 taken 1
    %%%%%:  267-block  1
call    7 never executed
        1:  267-block  2
call    8 returned 1
    $$$$$:  267-block  3
       1*:  268:	assert(filmeFiltrateDupaActorDescrescator[2].getActorPrincipal() == "Leonardo DiCaprio");
call    0 returned 1
call    1 returned 1
branch  2 taken 1 (fallthrough)
branch  3 taken 0 (throw)
        1:  268-block  0
call    4 returned 1
branch  5 taken 0 (fallthrough)
branch  6 taken 1
    %%%%%:  268-block  1
call    7 never executed
        1:  268-block  2
call    8 returned 1
    $$$$$:  268-block  3
       1*:  269:	assert(filmeFiltrateDupaActorDescrescator[1].getActorPrincipal() == "Leonardo DiCaprio");
call    0 returned 1
call    1 returned 1
branch  2 taken 1 (fallthrough)
branch  3 taken 0 (throw)
        1:  269-block  0
call    4 returned 1
branch  5 taken 0 (fallthrough)
branch  6 taken 1
    %%%%%:  269-block  1
call    7 never executed
        1:  269-block  2
call    8 returned 1
    $$$$$:  269-block  3
       1*:  270:	assert(filmeFiltrateDupaActorDescrescator[0].getActorPrincipal() == "Sam Worthington");
call    0 returned 1
call    1 returned 1
branch  2 taken 1 (fallthrough)
branch  3 taken 0 (throw)
        1:  270-block  0
call    4 returned 1
branch  5 taken 0 (fallthrough)
branch  6 taken 1
    %%%%%:  270-block  1
call    7 never executed
        1:  270-block  2
call    8 returned 1
    $$$$$:  270-block  3
        -:  271:
        1:  272:	vector<Film> filmeFiltrateDupaAnSiGenCrescator = service.sorteaza(3, 1);
call    0 returned 1
branch  1 taken 1 (fallthrough)
branch  2 taken 0 (throw)
       1*:  273:	assert(filmeFiltrateDupaAnSiGenCrescator[0].getGenFilm() == "Actiune");
        1:  273-block  0
call    0 returned 1
call    1 returned 1
branch  2 taken 1 (fallthrough)
branch  3 taken 0 (throw)
        1:  273-block  1
call    4 returned 1
branch  5 taken 0 (fallthrough)
branch  6 taken 1
    %%%%%:  273-block  2
call    7 never executed
        1:  273-block  3
call    8 returned 1
    $$$$$:  273-block  4
       1*:  274:	assert(filmeFiltrateDupaAnSiGenCrescator[1].getGenFilm() == "Actiune");
call    0 returned 1
call    1 returned 1
branch  2 taken 1 (fallthrough)
branch  3 taken 0 (throw)
        1:  274-block  0
call    4 returned 1
branch  5 taken 0 (fallthrough)
branch  6 taken 1
    %%%%%:  274-block  1
call    7 never executed
        1:  274-block  2
call    8 returned 1
    $$$$$:  274-block  3
       1*:  275:	assert(filmeFiltrateDupaAnSiGenCrescator[2].getGenFilm() == "Romance");
call    0 returned 1
call    1 returned 1
branch  2 taken 1 (fallthrough)
branch  3 taken 0 (throw)
        1:  275-block  0
call    4 returned 1
branch  5 taken 0 (fallthrough)
branch  6 taken 1
    %%%%%:  275-block  1
call    7 never executed
        1:  275-block  2
call    8 returned 1
    $$$$$:  275-block  3
       1*:  276:	assert(filmeFiltrateDupaAnSiGenCrescator[3].getGenFilm() == "Drama");
call    0 returned 1
call    1 returned 1
branch  2 taken 1 (fallthrough)
branch  3 taken 0 (throw)
        1:  276-block  0
call    4 returned 1
branch  5 taken 0 (fallthrough)
branch  6 taken 1
    %%%%%:  276-block  1
call    7 never executed
        1:  276-block  2
call    8 returned 1
    $$$$$:  276-block  3
       1*:  277:	assert(filmeFiltrateDupaAnSiGenCrescator[4].getGenFilm() == "Drama");
call    0 returned 1
call    1 returned 1
branch  2 taken 1 (fallthrough)
branch  3 taken 0 (throw)
        1:  277-block  0
call    4 returned 1
branch  5 taken 0 (fallthrough)
branch  6 taken 1
    %%%%%:  277-block  1
call    7 never executed
        1:  277-block  2
call    8 returned 1
    $$$$$:  277-block  3
        -:  278:
        1:  279:	vector<Film> filmeFiltrateDupaAnSiGenDescrescator = service.sorteaza(3, 2);
call    0 returned 1
branch  1 taken 1 (fallthrough)
branch  2 taken 0 (throw)
       1*:  280:	assert(filmeFiltrateDupaAnSiGenDescrescator[4].getGenFilm() == "Actiune");
        1:  280-block  0
call    0 returned 1
call    1 returned 1
branch  2 taken 1 (fallthrough)
branch  3 taken 0 (throw)
        1:  280-block  1
call    4 returned 1
branch  5 taken 0 (fallthrough)
branch  6 taken 1
    %%%%%:  280-block  2
call    7 never executed
        1:  280-block  3
call    8 returned 1
    $$$$$:  280-block  4
       1*:  281:	assert(filmeFiltrateDupaAnSiGenDescrescator[3].getGenFilm() == "Actiune");
call    0 returned 1
call    1 returned 1
branch  2 taken 1 (fallthrough)
branch  3 taken 0 (throw)
        1:  281-block  0
call    4 returned 1
branch  5 taken 0 (fallthrough)
branch  6 taken 1
    %%%%%:  281-block  1
call    7 never executed
        1:  281-block  2
call    8 returned 1
    $$$$$:  281-block  3
       1*:  282:	assert(filmeFiltrateDupaAnSiGenDescrescator[2].getGenFilm() == "Romance");
call    0 returned 1
call    1 returned 1
branch  2 taken 1 (fallthrough)
branch  3 taken 0 (throw)
        1:  282-block  0
call    4 returned 1
branch  5 taken 0 (fallthrough)
branch  6 taken 1
    %%%%%:  282-block  1
call    7 never executed
        1:  282-block  2
call    8 returned 1
    $$$$$:  282-block  3
       1*:  283:	assert(filmeFiltrateDupaAnSiGenDescrescator[1].getGenFilm() == "Drama");
call    0 returned 1
call    1 returned 1
branch  2 taken 1 (fallthrough)
branch  3 taken 0 (throw)
        1:  283-block  0
call    4 returned 1
branch  5 taken 0 (fallthrough)
branch  6 taken 1
    %%%%%:  283-block  1
call    7 never executed
        1:  283-block  2
call    8 returned 1
    $$$$$:  283-block  3
       1*:  284:	assert(filmeFiltrateDupaAnSiGenDescrescator[0].getGenFilm() == "Drama");
call    0 returned 1
call    1 returned 1
branch  2 taken 1 (fallthrough)
branch  3 taken 0 (throw)
        1:  284-block  0
call    4 returned 1
branch  5 taken 0 (fallthrough)
branch  6 taken 1
    %%%%%:  284-block  1
call    7 never executed
        1:  284-block  2
call    8 returned 1
    $$$$$:  284-block  3
        -:  285:
       1*:  286:	assert(filmeFiltrateDupaAnSiGenCrescator[0].getAnAparitie() == 2020);
call    0 returned 1
call    1 returned 1
branch  2 taken 1 (fallthrough)
branch  3 taken 0 (throw)
        1:  286-block  0
branch  4 taken 0 (fallthrough)
branch  5 taken 1
    %%%%%:  286-block  1
call    6 never executed
       1*:  287:	assert(filmeFiltrateDupaAnSiGenCrescator[1].getAnAparitie() == 2020);
        1:  287-block  0
call    0 returned 1
call    1 returned 1
[...]
branch  8 taken 0 (throw)
        1:  308-block  3
call    9 returned 1
branch 10 taken 1 (fallthrough)
branch 11 taken 0 (throw)
        1:  308-block  4
call   12 returned 1
call   13 returned 1
call   14 returned 1
    $$$$$:  308-block  5
call   15 never executed
    $$$$$:  308-block  6
    $$$$$:  308-block  7
    $$$$$:  308-block  8
call   16 never executed
    $$$$$:  308-block  9
    $$$$$:  308-block 10
    $$$$$:  308-block 11
call   17 never executed
    $$$$$:  308-block 12
    $$$$$:  308-block 13
       1*:  309:    assert(service.getAll().size() == 3);
call    0 returned 1
branch  1 taken 1 (fallthrough)
branch  2 taken 0 (throw)
        1:  309-block  0
call    3 returned 1
branch  4 taken 0 (fallthrough)
branch  5 taken 1
    %%%%%:  309-block  1
call    6 never executed
        -:  310:
        -:  311:    // 1. Test adăugare în coș
        2:  312:    service.adaugaInCos("Inception");
        1:  312-block  0
call    0 returned 1
branch  1 taken 1 (fallthrough)
branch  2 taken 0 (throw)
        1:  312-block  1
call    3 returned 1
branch  4 taken 1 (fallthrough)
branch  5 taken 0 (throw)
        1:  312-block  2
call    6 returned 1
    $$$$$:  312-block  3
call    7 never executed
    $$$$$:  312-block  4
    $$$$$:  312-block  5
        1:  313:    service.adaugaInCos("Interstellar");
        1:  313-block  0
call    0 returned 1
branch  1 taken 1 (fallthrough)
branch  2 taken 0 (throw)
        1:  313-block  1
call    3 returned 1
branch  4 taken 1 (fallthrough)
branch  5 taken 0 (throw)
        1:  313-block  2
call    6 returned 1
    $$$$$:  313-block  3
call    7 never executed
    $$$$$:  313-block  4
    $$$$$:  313-block  5
       1*:  314:    assert(service.getNumFilmeCos() == 2);
call    0 returned 1
branch  1 taken 1 (fallthrough)
branch  2 taken 0 (throw)
        1:  314-block  0
branch  3 taken 0 (fallthrough)
branch  4 taken 1
    %%%%%:  314-block  1
call    5 never executed
        -:  315:
        -:  316:    // 2. Test adăugare film deja în coș -> aruncă excepție
        1:  317:    bool exceptieCaught = false;
        1:  317-block  0
        -:  318:    try {
       2*:  319:        service.adaugaInCos("Inception");
        1:  319-block  0
call    0 returned 1
branch  1 taken 1 (fallthrough)
branch  2 taken 0 (throw)
        1:  319-block  1
call    3 returned 1
branch  4 taken 0 (fallthrough)
branch  5 taken 1 (throw)
    %%%%%:  319-block  2
call    6 never executed
        1:  319-block  3
call    7 returned 1
        1:  319-block  4
        1:  319-block  5
        1:  320:    } catch (const ExceptieRepo&) {
        1:  320-block  0
branch  0 taken 0 (fallthrough)
branch  1 taken 1
        1:  320-block  1
call    2 returned 1
        1:  321:        exceptieCaught = true;
        1:  322:    }
call    0 returned 1
branch  1 taken 1 (fallthrough)
branch  2 taken 0 (throw)
       1*:  323:    assert(exceptieCaught);
        1:  323-block  0
branch  0 taken 0 (fallthrough)
branch  1 taken 1
    %%%%%:  323-block  1
call    2 never executed
        -:  324:
        -:  325:    // 3. Test ștergere film din coș
        1:  326:    service.stergeDinCos("Inception");
        1:  326-block  0
call    0 returned 1
branch  1 taken 1 (fallthrough)
branch  2 taken 0 (throw)
        1:  326-block  1
call    3 returned 1
branch  4 taken 1 (fallthrough)
branch  5 taken 0 (throw)
        1:  326-block  2
call    6 returned 1
    $$$$$:  326-block  3
call    7 never executed
    $$$$$:  326-block  4
    $$$$$:  326-block  5
       1*:  327:    assert(service.getNumFilmeCos() == 1);
call    0 returned 1
branch  1 taken 1 (fallthrough)
branch  2 taken 0 (throw)
        1:  327-block  0
branch  3 taken 0 (fallthrough)
branch  4 taken 1
    %%%%%:  327-block  1
call    5 never executed
        -:  328:
        -:  329:    // 4. Test ștergere film inexistent din coș -> aruncă excepție
        1:  330:    exceptieCaught = false;
        1:  330-block  0
        -:  331:    try {
       2*:  332:        service.stergeDinCos("The Revenant"); // nu există în repo deci nici în coș
        1:  332-block  0
call    0 returned 1
branch  1 taken 1 (fallthrough)
branch  2 taken 0 (throw)
        1:  332-block  1
call    3 returned 1
branch  4 taken 0 (fallthrough)
branch  5 taken 1 (throw)
    %%%%%:  332-block  2
call    6 never executed
        1:  332-block  3
call    7 returned 1
        1:  332-block  4
        1:  332-block  5
        1:  333:    } catch (const ExceptieRepo&) {
        1:  333-block  0
branch  0 taken 0 (fallthrough)
branch  1 taken 1
        1:  333-block  1
call    2 returned 1
        1:  334:        exceptieCaught = true;
        1:  335:    }
call    0 returned 1
branch  1 taken 1 (fallthrough)
branch  2 taken 0 (throw)
       1*:  336:    assert(exceptieCaught);
        1:  336-block  0
branch  0 taken 0 (fallthrough)
branch  1 taken 1
    %%%%%:  336-block  1
call    2 never executed
        -:  337:
        -:  338:    // 5. Test eliberare coș
        1:  339:    service.elibereazaCos();
        1:  339-block  0
call    0 returned 1
branch  1 taken 1 (fallthrough)
branch  2 taken 0 (throw)
       1*:  340:    assert(service.getNumFilmeCos() == 0);
        1:  340-block  0
call    0 returned 1
branch  1 taken 1 (fallthrough)
branch  2 taken 0 (throw)
        1:  340-block  1
branch  3 taken 0 (fallthrough)
branch  4 taken 1
    %%%%%:  340-block  2
call    5 never executed
        -:  341:
        -:  342:    // 6. Test generare coș cu filme random
        1:  343:    service.genereazaCos(2);
        1:  343-block  0
call    0 returned 1
branch  1 taken 1 (fallthrough)
branch  2 taken 0 (throw)
       1*:  344:    assert(service.getNumFilmeCos() == 2);
        1:  344-block  0
call    0 returned 1
branch  1 taken 1 (fallthrough)
branch  2 taken 0 (throw)
        1:  344-block  1
branch  3 taken 0 (fallthrough)
branch  4 taken 1
    %%%%%:  344-block  2
call    5 never executed
        -:  345:
        -:  346:    // 7. Test generare coș cu număr mai mare decât filmele existente (nu face nimic)
        1:  347:    int numarFilmeInitial = service.getNumFilmeCos();
        1:  347-block  0
call    0 returned 1
branch  1 taken 1 (fallthrough)
branch  2 taken 0 (throw)
        1:  348:    service.genereazaCos(10); // sunt doar 3 filme în total
        1:  348-block  0
call    0 returned 1
branch  1 taken 1 (fallthrough)
branch  2 taken 0 (throw)
       1*:  349:    assert(service.getNumFilmeCos() == numarFilmeInitial); // nu s-a schimbat
        1:  349-block  0
call    0 returned 1
branch  1 taken 1 (fallthrough)
branch  2 taken 0 (throw)
        1:  349-block  1
branch  3 taken 0 (fallthrough)
branch  4 taken 1
    %%%%%:  349-block  2
call    5 never executed
        -:  350:
        -:  351:    // 8. Test dublare după generare (nu permite duplicate)
        1:  352:    const auto cos = service.getFilmeCos();
        1:  352-block  0
call    0 returned 1
branch  1 taken 1 (fallthrough)
branch  2 taken 0 (throw)
        3:  353:    for (const auto& film : cos) {
        1:  353-block  0
call    0 returned 1
call    1 returned 1
        2:  353-block  1
call    2 returned 2
        2:  353-block  2
call    3 returned 2
        3:  353-block  3
call    4 returned 3
branch  5 taken 2
branch  6 taken 1 (fallthrough)
        -:  354:        try {
       4*:  355:            service.adaugaInCos(film.getTitluFilm());
call    0 returned 2
branch  1 taken 2 (fallthrough)
branch  2 taken 0 (throw)
        2:  355-block  0
call    3 returned 2
branch  4 taken 0 (fallthrough)
branch  5 taken 2 (throw)
    %%%%%:  355-block  1
call    6 never executed
        2:  355-block  2
call    7 returned 2
        2:  355-block  3
    #####:  356:            assert(false); // n-ar trebui să ajungă aici
call    0 never executed
        2:  357:        } catch (const ExceptieRepo&) {
        2:  357-block  0
branch  0 taken 0 (fallthrough)
branch  1 taken 2
        2:  357-block  1
call    2 returned 2
        -:  358:            assert(true); // corect
        2:  359:        }
call    0 returned 2
branch  1 taken 2 (fallthrough)
branch  2 taken 0 (throw)
        -:  360:    }
        1:  361:}
        1:  361-block  0
call    0 returned 1
call    1 returned 1
call    2 returned 1
call    3 returned 1
    $$$$$:  361-block  1
call    4 never executed
    $$$$$:  361-block  2
call    5 never executed
    $$$$$:  361-block  3
call    6 never executed
    $$$$$:  361-block  4
call    7 never executed
        -:  362:
        -:  363:
function _Z17testeShoppingCartv called 1 returned 100% blocks executed 59%
        1:  364:void testeShoppingCart()
        -:  365:{
        1:  366:	ShoppingCart shoppingCart;
        1:  366-block  0
call    0 returned 1
        6:  367:	Film f1("titlu1", "gen1", 1999, "actor1");
        1:  367-block  0
call    0 returned 1
branch  1 taken 1 (fallthrough)
branch  2 taken 0 (throw)
        1:  367-block  1
call    3 returned 1
branch  4 taken 1 (fallthrough)
branch  5 taken 0 (throw)
        1:  367-block  2
call    6 returned 1
branch  7 taken 1 (fallthrough)
branch  8 taken 0 (throw)
        1:  367-block  3
call    9 returned 1
call   10 returned 1
call   11 returned 1
call   12 returned 1
    $$$$$:  367-block  4
    $$$$$:  367-block  5
    $$$$$:  367-block  6
call   13 never executed
    $$$$$:  367-block  7
    $$$$$:  367-block  8
    $$$$$:  367-block  9
call   14 never executed
    $$$$$:  367-block 10
    $$$$$:  367-block 11
        6:  368:	Film f2("titlu2", "gen2", 2000, "actor2");
        1:  368-block  0
call    0 returned 1
branch  1 taken 1 (fallthrough)
branch  2 taken 0 (throw)
        1:  368-block  1
call    3 returned 1
branch  4 taken 1 (fallthrough)
branch  5 taken 0 (throw)
        1:  368-block  2
call    6 returned 1
branch  7 taken 1 (fallthrough)
branch  8 taken 0 (throw)
        1:  368-block  3
call    9 returned 1
call   10 returned 1
call   11 returned 1
call   12 returned 1
    $$$$$:  368-block  4
    $$$$$:  368-block  5
    $$$$$:  368-block  6
call   13 never executed
    $$$$$:  368-block  7
    $$$$$:  368-block  8
    $$$$$:  368-block  9
call   14 never executed
    $$$$$:  368-block 10
    $$$$$:  368-block 11
        5:  369:	Film f3("titlu3", "gen3", 2010, "actor3");
        1:  369-block  0
call    0 returned 1
branch  1 taken 1 (fallthrough)
branch  2 taken 0 (throw)
        1:  369-block  1
call    3 returned 1
branch  4 taken 1 (fallthrough)
branch  5 taken 0 (throw)
        1:  369-block  2
call    6 returned 1
branch  7 taken 1 (fallthrough)
branch  8 taken 0 (throw)
        1:  369-block  3
call    9 returned 1
call   10 returned 1
call   11 returned 1
call   12 returned 1
    $$$$$:  369-block  4
    $$$$$:  369-block  5
    $$$$$:  369-block  6
call   13 never executed
    $$$$$:  369-block  7
    $$$$$:  369-block  8
    $$$$$:  369-block  9
call   14 never executed
    $$$$$:  369-block 10
    $$$$$:  369-block 11
        -:  370:
        -:  371:	// 1. Test adăugare filme
        1:  372:	shoppingCart.addFilm(f1);
call    0 returned 1
branch  1 taken 1 (fallthrough)
branch  2 taken 0 (throw)
        1:  373:	shoppingCart.addFilm(f2);
        1:  373-block  0
call    0 returned 1
branch  1 taken 1 (fallthrough)
branch  2 taken 0 (throw)
       1*:  374:	assert(shoppingCart.getNumFilms() == 2);
        1:  374-block  0
call    0 returned 1
branch  1 taken 1 (fallthrough)
branch  2 taken 0 (throw)
        1:  374-block  1
branch  3 taken 0 (fallthrough)
branch  4 taken 1
    %%%%%:  374-block  2
call    5 never executed
        -:  375:
        -:  376:	// 2. Test dublare
        1:  377:	bool exceptieCaught = false;
        -:  378:	try {
        1:  379:		shoppingCart.addFilm(f1);
        1:  379-block  0
call    0 returned 1
branch  1 taken 0 (fallthrough)
branch  2 taken 1 (throw)
        1:  380:	} catch (const ExceptieRepo&) {
        1:  380-block  0
branch  0 taken 0 (fallthrough)
branch  1 taken 1
        1:  380-block  1
call    2 returned 1
        1:  381:		exceptieCaught = true;
        1:  382:	}
call    0 returned 1
branch  1 taken 1 (fallthrough)
branch  2 taken 0 (throw)
       1*:  383:	assert(exceptieCaught);
        1:  383-block  0
branch  0 taken 0 (fallthrough)
branch  1 taken 1
    %%%%%:  383-block  1
call    2 never executed
        -:  384:
        -:  385:	// 3. Test getCart conține filmele corecte
        1:  386:	std::vector<Film> cos = shoppingCart.getCart();
        1:  386-block  0
call    0 returned 1
branch  1 taken 1 (fallthrough)
branch  2 taken 0 (throw)
       1*:  387:	assert(cos.size() == 2);
        1:  387-block  0
call    0 returned 1
branch  1 taken 0 (fallthrough)
branch  2 taken 1
    %%%%%:  387-block  1
call    3 never executed
       1*:  388:	assert(cos[0].getTitluFilm() == "titlu1");
        1:  388-block  0
call    0 returned 1
call    1 returned 1
branch  2 taken 1 (fallthrough)
branch  3 taken 0 (throw)
        1:  388-block  1
call    4 returned 1
branch  5 taken 0 (fallthrough)
branch  6 taken 1
    %%%%%:  388-block  2
call    7 never executed
        1:  388-block  3
call    8 returned 1
    $$$$$:  388-block  4
       1*:  389:	assert(cos[1].getTitluFilm() == "titlu2");
call    0 returned 1
call    1 returned 1
branch  2 taken 1 (fallthrough)
branch  3 taken 0 (throw)
        1:  389-block  0
call    4 returned 1
branch  5 taken 0 (fallthrough)
branch  6 taken 1
    %%%%%:  389-block  1
call    7 never executed
        1:  389-block  2
call    8 returned 1
    $$$$$:  389-block  3
        -:  390:
        -:  391:	// 4. Test ștergere film existent
        1:  392:	shoppingCart.removeFilm(f1);
call    0 returned 1
branch  1 taken 1 (fallthrough)
branch  2 taken 0 (throw)
       1*:  393:	assert(shoppingCart.getNumFilms() == 1);
        1:  393-block  0
call    0 returned 1
branch  1 taken 1 (fallthrough)
branch  2 taken 0 (throw)
        1:  393-block  1
branch  3 taken 0 (fallthrough)
branch  4 taken 1
    %%%%%:  393-block  2
call    5 never executed
        -:  394:
        -:  395:	// 5. Test ștergere film inexistent
        1:  396:	exceptieCaught = false;
        -:  397:	try {
        1:  398:		shoppingCart.removeFilm(f3); // f3 nu există în cos
        1:  398-block  0
call    0 returned 1
branch  1 taken 0 (fallthrough)
branch  2 taken 1 (throw)
        1:  399:	} catch (const ExceptieRepo&) {
        1:  399-block  0
branch  0 taken 0 (fallthrough)
branch  1 taken 1
        1:  399-block  1
call    2 returned 1
        1:  400:		exceptieCaught = true;
        1:  401:	}
call    0 returned 1
branch  1 taken 1 (fallthrough)
branch  2 taken 0 (throw)
       1*:  402:	assert(exceptieCaught);
        1:  402-block  0
branch  0 taken 0 (fallthrough)
branch  1 taken 1
    %%%%%:  402-block  1
call    2 never executed
        -:  403:
        -:  404:	// 6. Test ordinea se păstrează
        1:  405:	shoppingCart.addFilm(f3);
        1:  405-block  0
call    0 returned 1
branch  1 taken 1 (fallthrough)
branch  2 taken 0 (throw)
        1:  406:	cos = shoppingCart.getCart();
        1:  406-block  0
call    0 returned 1
branch  1 taken 1 (fallthrough)
branch  2 taken 0 (throw)
        1:  406-block  1
call    3 returned 1
call    4 returned 1
    $$$$$:  406-block  2
       1*:  407:	assert(cos[0].getTitluFilm() == "titlu2");
call    0 returned 1
call    1 returned 1
branch  2 taken 1 (fallthrough)
branch  3 taken 0 (throw)
        1:  407-block  0
call    4 returned 1
branch  5 taken 0 (fallthrough)
branch  6 taken 1
    %%%%%:  407-block  1
call    7 never executed
        1:  407-block  2
call    8 returned 1
    $$$$$:  407-block  3
       1*:  408:	assert(cos[1].getTitluFilm() == "titlu3");
call    0 returned 1
call    1 returned 1
branch  2 taken 1 (fallthrough)
branch  3 taken 0 (throw)
        1:  408-block  0
call    4 returned 1
branch  5 taken 0 (fallthrough)
branch  6 taken 1
    %%%%%:  408-block  1
call    7 never executed
        1:  408-block  2
call    8 returned 1
    $$$$$:  408-block  3
        -:  409:
        -:  410:	// 7. Test clearCart
        1:  411:	shoppingCart.clearCart();
call    0 returned 1
branch  1 taken 1 (fallthrough)
branch  2 taken 0 (throw)
       1*:  412:	assert(shoppingCart.getNumFilms() == 0);
        1:  412-block  0
call    0 returned 1
branch  1 taken 1 (fallthrough)
branch  2 taken 0 (throw)
        1:  412-block  1
branch  3 taken 0 (fallthrough)
branch  4 taken 1
    %%%%%:  412-block  2
call    5 never executed
       1*:  413:	assert(shoppingCart.getCart().empty());
        1:  413-block  0
call    0 returned 1
branch  1 taken 1 (fallthrough)
branch  2 taken 0 (throw)
        1:  413-block  1
call    3 returned 1
branch  4 taken 0 (fallthrough)
branch  5 taken 1
    %%%%%:  413-block  2
call    6 never executed
        1:  413-block  3
call    7 returned 1
    $$$$$:  413-block  4
        -:  414:
        -:  415:	// 8. Test clearCart pe coș deja gol
        1:  416:	shoppingCart.clearCart();
call    0 returned 1
branch  1 taken 1 (fallthrough)
branch  2 taken 0 (throw)
       1*:  417:	assert(shoppingCart.getNumFilms() == 0);
        1:  417-block  0
call    0 returned 1
branch  1 taken 1 (fallthrough)
branch  2 taken 0 (throw)
        1:  417-block  1
branch  3 taken 0 (fallthrough)
branch  4 taken 1
    %%%%%:  417-block  2
call    5 never executed
        -:  418:
        -:  419:	// 9. Test adăugare + ștergere repetată
        1:  420:	shoppingCart.addFilm(f1);
        1:  420-block  0
call    0 returned 1
branch  1 taken 1 (fallthrough)
branch  2 taken 0 (throw)
        1:  421:	shoppingCart.removeFilm(f1);
        1:  421-block  0
call    0 returned 1
branch  1 taken 1 (fallthrough)
branch  2 taken 0 (throw)
       1*:  422:	assert(shoppingCart.getNumFilms() == 0);
        1:  422-block  0
call    0 returned 1
branch  1 taken 1 (fallthrough)
branch  2 taken 0 (throw)
        1:  422-block  1
branch  3 taken 0 (fallthrough)
branch  4 taken 1
    %%%%%:  422-block  2
call    5 never executed
        1:  423:}
        1:  423-block  0
call    0 returned 1
call    1 returned 1
call    2 returned 1
call    3 returned 1
call    4 returned 1
    $$$$$:  423-block  1
call    5 never executed
    $$$$$:  423-block  2
call    6 never executed
    $$$$$:  423-block  3
call    7 never executed
    $$$$$:  423-block  4
call    8 never executed
    $$$$$:  423-block  5
call    9 never executed
        -:  424:
function _Z16ruleazaTesteRepov called 1 returned 100% blocks executed 100%
        1:  425:void ruleazaTesteRepo() {
        1:  426:	testRepoAdauga();
        1:  426-block  0
call    0 returned 1
        1:  427:	testRepoSterge();
call    0 returned 1
        1:  428:	testRepoModifica();
call    0 returned 1
        1:  429:	testRepoCauta();
call    0 returned 1
        1:  430:	testRepoCautaPozitieDupaTitlu();
call    0 returned 1
        1:  431:}
        -:  432:
function _Z19ruleazaTesteServicev called 1 returned 100% blocks executed 100%
        1:  433:void ruleazaTesteService() {
        1:  434:	testServiceAdauga();
        1:  434-block  0
call    0 returned 1
        1:  435:	testServiceSterge();
call    0 returned 1
        1:  436:	testServiceModifica();
call    0 returned 1
        1:  437:	testServiceCauta();
call    0 returned 1
        1:  438:	testServiceFiltreazaDupaGenDupaAnAparitie();
call    0 returned 1
        1:  439:	testServiceSortari();
call    0 returned 1
        1:  440:}
        -:  441:
function _Z19ruleazaToateTestelev called 1 returned 100% blocks executed 100%
        1:  442:void ruleazaToateTestele() {
        1:  443:	ruleazaTesteRepo();
        1:  443-block  0
call    0 returned 1
        1:  444:	ruleazaTesteValidator();
call    0 returned 1
        1:  445:	ruleazaTesteService();
call    0 returned 1
        1:  446:	testServiceCart();
call    0 returned 1
        1:  447:	testeShoppingCart();
call    0 returned 1
        -:  448:
        1:  449:	cout<<"\n\nToate testele au rulat cu succes!\n\n\n\n";
call    0 returned 1
        1:  450:}
