        -:    0:Source:/mnt/e/002 Facultate/Obsidian/Anul I/Semestrul II/OOP/Lab/Lab 6-7/main.cpp
        -:    0:Graph:/mnt/e/002 Facultate/Obsidian/Anul I/Semestrul II/OOP/Lab/Lab 6-7/cmake-build-debug-coverage/CMakeFiles/Lab6.dir/main.cpp.gcno
        -:    0:Data:/mnt/e/002 Facultate/Obsidian/Anul I/Semestrul II/OOP/Lab/Lab 6-7/cmake-build-debug-coverage/CMakeFiles/Lab6.dir/main.cpp.gcda
        -:    0:Runs:1
        -:    1:#include "Tests.h"
        -:    2:#include "Interface.h"
function main called 1 returned 100% blocks executed 56%
        1:    3:int main() {
        1:    4:    const FilmRepo productRepo;
        1:    4-block  0
call    0 returned 1
branch  1 taken 1 (fallthrough)
branch  2 taken 0 (throw)
        -:    5:    constexpr Validation validator;
        1:    6:    const Service service(productRepo, validator);
        1:    6-block  0
call    0 returned 1
branch  1 taken 1 (fallthrough)
branch  2 taken 0 (throw)
        1:    6-block  1
call    3 returned 1
branch  4 taken 1 (fallthrough)
branch  5 taken 0 (throw)
        1:    6-block  2
call    6 returned 1
    $$$$$:    6-block  3
call    7 never executed
    $$$$$:    6-block  4
        1:    7:    Interface ui(service);
call    0 returned 1
branch  1 taken 1 (fallthrough)
branch  2 taken 0 (throw)
        1:    7-block  0
call    3 returned 1
branch  4 taken 1 (fallthrough)
branch  5 taken 0 (throw)
        1:    7-block  1
call    6 returned 1
    $$$$$:    7-block  2
call    7 never executed
    $$$$$:    7-block  3
        -:    8:
        1:    9:    Tests::runAllTests();
call    0 returned 1
branch  1 taken 1 (fallthrough)
branch  2 taken 0 (throw)
        1:   10:    ui.Run();
        1:   10-block  0
call    0 returned 1
branch  1 taken 1 (fallthrough)
branch  2 taken 0 (throw)
        1:   11:    return 0;
        1:   12:}
        1:   12-block  0
call    0 returned 1
call    1 returned 1
call    2 returned 1
    $$$$$:   12-block  1
call    3 never executed
    $$$$$:   12-block  2
call    4 never executed
    $$$$$:   12-block  3
call    5 never executed
